#
# A fatal error has been detected by the Java Runtime Environment:
#
#  SIGSEGV (0xb) at pc=0x0000000102b148b5, pid=2774, tid=0x0000000000000307
#
# JRE version: Java(TM) SE Runtime Environment (8.0_121-b13) (build 1.8.0_121-b13)
# Java VM: Java HotSpot(TM) 64-Bit Server VM (25.121-b13 mixed mode bsd-amd64 compressed oops)
# Problematic frame:
# V  [libjvm.dylib+0x3148b5]
#
# Failed to write core dump. Core dumps have been disabled. To enable core dumping, try "ulimit -c unlimited" before starting Java again
#
# If you would like to submit a bug report, please visit:
#   http://bugreport.java.com/bugreport/crash.jsp
#

---------------  T H R E A D  ---------------

Current thread (0x00007fe5e0699800):  JavaThread "AppKit Thread" daemon [_thread_in_vm, id=775, stack(0x00007fff5d552000,0x00007fff5dd52000)]

siginfo: si_signo: 11 (SIGSEGV), si_code: 1 (SEGV_MAPERR), si_addr: 0x0000000000000000

Registers:
RAX=0x00000001030e6e24, RBX=0x0000000000000000, RCX=0x0000000103022370, RDX=0x0000000000000000
RSP=0x00007fff5dd4c9a0, RBP=0x00007fff5dd4c9f0, RSI=0x0000000000000000, RDI=0x00007fe5e06999f8
R8 =0x00007fe5dd2c4b8c, R9 =0x000000000003aec8, R10=0x004acf01004acf80, R11=0x00007fff794c1dcd
R12=0x0000000000000098, R13=0x00007fe5dd3a21f0, R14=0x00007fe5e06999f8, R15=0x00007fe5e0699800
RIP=0x0000000102b148b5, EFLAGS=0x0000000000010202, ERR=0x0000000000000004
  TRAPNO=0x000000000000000e

Top of Stack: (sp=0x00007fff5dd4c9a0)
0x00007fff5dd4c9a0:   00007fe5dae146a0 00007fe5e0699800
0x00007fff5dd4c9b0:   0000000000000000 00007fe5dae13200
0x00007fff5dd4c9c0:   0000000000000000 00007fe5e0699800
0x00007fff5dd4c9d0:   00007fe5e0699800 00007fe5e06999f8
0x00007fff5dd4c9e0:   00007fe5dd3a21f0 00007fe5dd2c4790
0x00007fff5dd4c9f0:   00007fff5dd4ca50 000000012712f66a
0x00007fff5dd4ca00:   00007fe5dae146a0 00007fe5dae147a0
0x00007fff5dd4ca10:   00007fe5dae14bf0 00007fe5dae13200
0x00007fff5dd4ca20:   000027e7b20bb0f0 00007fe5dd4513f0
0x00007fff5dd4ca30:   fffffffbffffffff 00007fe5dd3a21f0
0x00007fff5dd4ca40:   00007fe5dd2c4790 0000000200000000
0x00007fff5dd4ca50:   00007fff5dd4ceb0 00007fff79be20d9
0x00007fff5dd4ca60:   00007fff5dd4cb30 ffff801a22cc7830
0x00007fff5dd4ca70:   0000000000000000 0000000000000000
0x00007fff5dd4ca80:   00000000000003c0 ffff801a22c5de10
0x00007fff5dd4ca90:   00007fe5dd3a21f0 00007fff99ab2480
0x00007fff5dd4caa0:   00007fe5dd2c55d0 00007fff9042cd13
0x00007fff5dd4cab0:   00007fff99ab2840 00007fe5dd3a21f0
0x00007fff5dd4cac0:   000000005dd4cb00 ffff801a22c5de10
0x00007fff5dd4cad0:   00007fe5df613c60 00007fe5dd2c55d0
0x00007fff5dd4cae0:   00007fff90424b40 00007fff90424b40
0x00007fff5dd4caf0:   00007fff95fdb5f0 00007fff95fdb2b8
0x00007fff5dd4cb00:   00007fff5dd4cb30 00007fff79484517
0x00007fff5dd4cb10:   0000000000000000 00000000000000f8
0x00007fff5dd4cb20:   00007fe5dd3387d0 00007fe5dd2c55d0
0x00007fff5dd4cb30:   00007fff5dd4ceb0 00007fff79be616c
0x00007fff5dd4cb40:   00007fff5dd4cb90 0000000000000000
0x00007fff5dd4cb50:   00007fe5dd2c55d0 0000000000000000
0x00007fff5dd4cb60:   0000000000000481 00007fff95d2a770
0x00007fff5dd4cb70:   00007fff96595a40 00007fff95d2a770
0x00007fff5dd4cb80:   0000000000000000 0000000000000000
0x00007fff5dd4cb90:   00007fff5dd4cc30 00007fff7b91da7c 

Instructions: (pc=0x0000000102b148b5)
0x0000000102b14895:   74 09 48 8d 7d b8 e8 2e 41 1a 00 4c 89 f7 48 89
0x0000000102b148a5:   de 90 0f 1f 40 00 48 8d 05 72 25 5d 00 80 38 00
0x0000000102b148b5:   48 8b 03 74 15 48 8d 15 df 91 52 00 8a 4a 08 8b
0x0000000102b148c5:   40 08 48 d3 e0 48 03 02 eb 04 48 8b 40 08 48 8b 

Register to memory mapping:

RAX=0x00000001030e6e24: UseCompressedClassPointers+0 in /Library/Java/JavaVirtualMachines/jdk1.8.0_121.jdk/Contents/Home/jre/lib/server/libjvm.dylib at 0x0000000102800000
RBX=0x0000000000000000 is an unknown value
RCX=0x0000000103022370: UseMembar+0 in /Library/Java/JavaVirtualMachines/jdk1.8.0_121.jdk/Contents/Home/jre/lib/server/libjvm.dylib at 0x0000000102800000
RDX=0x0000000000000000 is an unknown value
RSP=0x00007fff5dd4c9a0 is pointing into the stack for thread: 0x00007fe5e0699800
RBP=0x00007fff5dd4c9f0 is pointing into the stack for thread: 0x00007fe5e0699800
RSI=0x0000000000000000 is an unknown value
RDI=0x00007fe5e06999f8 is an unknown value
R8 =0x00007fe5dd2c4b8c is an unknown value
R9 =0x000000000003aec8 is an unknown value
R10=0x004acf01004acf80 is an unknown value
R11=0x00007fff794c1dcd: -[NSEvent timestamp]+0 in /System/Library/Frameworks/AppKit.framework/Versions/C/AppKit at 0x00007fff792a9000
R12=0x0000000000000098 is an unknown value
R13=0x00007fe5dd3a21f0 is an unknown value
R14=0x00007fe5e06999f8 is an unknown value
R15=0x00007fe5e0699800 is a thread


Stack: [0x00007fff5d552000,0x00007fff5dd52000],  sp=0x00007fff5dd4c9a0,  free space=8170k
Native frames: (J=compiled Java code, j=interpreted, Vv=VM code, C=native code)
V  [libjvm.dylib+0x3148b5]
C  [liblwjgl.dylib+0xa66a]  -[MacOSXOpenGLView scrollWheel:]+0x7a
C  [AppKit+0x9390d9]  -[NSWindow(NSEventRouting) _reallySendEvent:isDelayedEvent:]+0x1a4f
C  [AppKit+0x9372be]  -[NSWindow(NSEventRouting) sendEvent:]+0x21d
C  [AppKit+0x7c0006]  -[NSApplication(NSEvent) sendEvent:]+0x88a
C  [libosxapp.dylib+0x232c]  -[NSApplicationAWT sendEvent:]+0x17a
C  [AppKit+0x3bf81]  -[NSApplication run]+0x3ea
C  [libosxapp.dylib+0x214d]  +[NSApplicationAWT runAWTLoopWithApp:]+0x9c
C  [libawt_lwawt.dylib+0x45ff7]  -[AWTStarter starter:]+0x389
C  [Foundation+0x7188a]  __NSThreadPerformPerform+0x146
C  [CoreFoundation+0xa7981]  __CFRUNLOOP_IS_CALLING_OUT_TO_A_SOURCE0_PERFORM_FUNCTION__+0x11
C  [CoreFoundation+0x88a7d]  __CFRunLoopDoSources0+0x22d
C  [CoreFoundation+0x87f76]  __CFRunLoopRun+0x3a6
C  [CoreFoundation+0x87974]  CFRunLoopRunSpecific+0x1a4
C  [java+0x6465]  CreateExecutionEnvironment+0x367
C  [java+0x218c]  JLI_Launch+0x7a0
C  [java+0x84c2]  main+0x65
C  [java+0x19e4]  start+0x34
C  0x0000000000000007


---------------  P R O C E S S  ---------------

Java Threads: ( => current thread )
  0x00007fe5e09b8000 JavaThread "Timer hack thread" daemon [_thread_blocked, id=30563, stack(0x000070000ef97000,0x000070000f097000)]
  0x00007fe5df0a8000 JavaThread "AWT-Shutdown" [_thread_blocked, id=30731, stack(0x000070000ed0e000,0x000070000ee0e000)]
  0x00007fe5db34e000 JavaThread "Snooper Timer" daemon [_thread_blocked, id=58123, stack(0x000070000ee94000,0x000070000ef94000)]
=>0x00007fe5e0699800 JavaThread "AppKit Thread" daemon [_thread_in_vm, id=775, stack(0x00007fff5d552000,0x00007fff5dd52000)]
  0x00007fe5dc04b000 JavaThread "Service Thread" daemon [_thread_blocked, id=18691, stack(0x000070000ea85000,0x000070000eb85000)]
  0x00007fe5db010000 JavaThread "C1 CompilerThread2" daemon [_thread_blocked, id=18179, stack(0x000070000e982000,0x000070000ea82000)]
  0x00007fe5dc021800 JavaThread "C2 CompilerThread1" daemon [_thread_in_native, id=17667, stack(0x000070000e87f000,0x000070000e97f000)]
  0x00007fe5dc020000 JavaThread "C2 CompilerThread0" daemon [_thread_in_native, id=17155, stack(0x000070000e77c000,0x000070000e87c000)]
  0x00007fe5dc01f000 JavaThread "Signal Dispatcher" daemon [_thread_blocked, id=16643, stack(0x000070000e679000,0x000070000e779000)]
  0x00007fe5db02c000 JavaThread "Finalizer" daemon [_thread_blocked, id=12547, stack(0x000070000e576000,0x000070000e676000)]
  0x00007fe5dc813000 JavaThread "Reference Handler" daemon [_thread_blocked, id=12035, stack(0x000070000e473000,0x000070000e573000)]
  0x00007fe5dc803800 JavaThread "Client thread" [_thread_blocked, id=7171, stack(0x000070000de61000,0x000070000df61000)]

Other Threads:
  0x00007fe5dc80e800 VMThread [stack: 0x000070000e370000,0x000070000e470000] [id=11523]
  0x00007fe5db005000 WatcherThread [stack: 0x000070000eb88000,0x000070000ec88000] [id=19203]

VM state:synchronizing (normal execution)

VM Mutex/Monitor currently owned by a thread:  ([mutex/lock_event])
[0x00007fe5dae097d0] Threads_lock - owner thread: 0x00007fe5dc80e800
[0x00007fe5dae0a1d0] Compile_lock - owner thread: 0x00007fe5dc803800

Heap:
 PSYoungGen      total 619008K, used 246974K [0x000000076ab00000, 0x0000000793f80000, 0x00000007c0000000)
  eden space 563712K, 40% used [0x000000076ab00000,0x0000000778b2cfa0,0x000000078d180000)
  from space 55296K, 31% used [0x0000000790480000,0x0000000791582880,0x0000000793a80000)
  to   space 52224K, 0% used [0x000000078d180000,0x000000078d180000,0x0000000790480000)
 ParOldGen       total 263168K, used 92045K [0x00000006c0000000, 0x00000006d0100000, 0x000000076ab00000)
  object space 263168K, 34% used [0x00000006c0000000,0x00000006c59e3570,0x00000006d0100000)
 Metaspace       used 49068K, capacity 49372K, committed 49624K, reserved 1091584K
  class space    used 7463K, capacity 7584K, committed 7640K, reserved 1048576K

Card table byte_map: [0x0000000103b62000,0x0000000104363000] byte_map_base: 0x0000000100562000

Marking Bits: (ParMarkBitMap*) 0x00000001030f0d30
 Begin Bits: [0x000000011514d000, 0x000000011914d000)
 End Bits:   [0x000000011914d000, 0x000000011d14d000)

Polling page: 0x0000000101f6e000

CodeCache: size=245760Kb used=10945Kb max_used=10957Kb free=234814Kb
 bounds [0x000000010614d000, 0x0000000106c1d000, 0x000000011514d000]
 total_blobs=3398 nmethods=2884 adapters=426
 compilation: enabled

Compilation events (10 events):
Event: 28.597 Thread 0x00007fe5db010000 nmethod 3565 0x0000000106ba0d90 code [0x0000000106ba0ee0, 0x0000000106ba0ff0]
Event: 28.597 Thread 0x00007fe5db010000 3566       1       net.minecraft.entity.player.EnumPlayerModelParts::getPartName (5 bytes)
Event: 28.597 Thread 0x00007fe5db010000 nmethod 3566 0x0000000106ba0ad0 code [0x0000000106ba0c20, 0x0000000106ba0d30]
Event: 28.599 Thread 0x00007fe5db010000 3567       2       net.minecraft.util.IntHashMap::getSlotIndex (6 bytes)
Event: 28.599 Thread 0x00007fe5db010000 nmethod 3567 0x0000000106ba07d0 code [0x0000000106ba0920, 0x0000000106ba0a50]
Event: 28.599 Thread 0x00007fe5db010000 3568       2       java.util.concurrent.locks.AbstractQueuedSynchronizer::compareAndSetState (13 bytes)
Event: 28.599 Thread 0x00007fe5db010000 nmethod 3568 0x0000000106ba0490 code [0x0000000106ba05e0, 0x0000000106ba0750]
Event: 28.626 Thread 0x00007fe5db010000 3569       2       sun.awt.AWTAutoShutdown::getInstance (4 bytes)
Event: 28.627 Thread 0x00007fe5db010000 nmethod 3569 0x0000000106bf8e10 code [0x0000000106bf8f60, 0x0000000106bf9090]
Event: 28.696 Thread 0x00007fe5db010000 3570   !   2       sun.awt.AWTAutoShutdown::setToolkitBusy (124 bytes)

GC Heap History (10 events):
Event: 20.767 GC heap before
{Heap before GC invocations=12 (full 3):
 PSYoungGen      total 325120K, used 325090K [0x000000076ab00000, 0x0000000782800000, 0x00000007c0000000)
  eden space 298496K, 100% used [0x000000076ab00000,0x000000077ce80000,0x000000077ce80000)
  from space 26624K, 99% used [0x000000077ef80000,0x0000000780978848,0x0000000780980000)
  to   space 33792K, 0% used [0x000000077ce80000,0x000000077ce80000,0x000000077ef80000)
 ParOldGen       total 126976K, used 37822K [0x00000006c0000000, 0x00000006c7c00000, 0x000000076ab00000)
  object space 126976K, 29% used [0x00000006c0000000,0x00000006c24ef870,0x00000006c7c00000)
 Metaspace       used 40308K, capacity 40572K, committed 40920K, reserved 1083392K
  class space    used 5911K, capacity 6016K, committed 6104K, reserved 1048576K
Event: 20.804 GC heap after
Heap after GC invocations=12 (full 3):
 PSYoungGen      total 332288K, used 33781K [0x000000076ab00000, 0x000000078bc80000, 0x00000007c0000000)
  eden space 298496K, 0% used [0x000000076ab00000,0x000000076ab00000,0x000000077ce80000)
  from space 33792K, 99% used [0x000000077ce80000,0x000000077ef7d700,0x000000077ef80000)
  to   space 43008K, 0% used [0x0000000789280000,0x0000000789280000,0x000000078bc80000)
 ParOldGen       total 126976K, used 45519K [0x00000006c0000000, 0x00000006c7c00000, 0x000000076ab00000)
  object space 126976K, 35% used [0x00000006c0000000,0x00000006c2c73d98,0x00000006c7c00000)
 Metaspace       used 40308K, capacity 40572K, committed 40920K, reserved 1083392K
  class space    used 5911K, capacity 6016K, committed 6104K, reserved 1048576K
}
Event: 21.905 GC heap before
{Heap before GC invocations=13 (full 3):
 PSYoungGen      total 332288K, used 332277K [0x000000076ab00000, 0x000000078bc80000, 0x00000007c0000000)
  eden space 298496K, 100% used [0x000000076ab00000,0x000000077ce80000,0x000000077ce80000)
  from space 33792K, 99% used [0x000000077ce80000,0x000000077ef7d700,0x000000077ef80000)
  to   space 43008K, 0% used [0x0000000789280000,0x0000000789280000,0x000000078bc80000)
 ParOldGen       total 126976K, used 45519K [0x00000006c0000000, 0x00000006c7c00000, 0x000000076ab00000)
  object space 126976K, 35% used [0x00000006c0000000,0x00000006c2c73d98,0x00000006c7c00000)
 Metaspace       used 41243K, capacity 41500K, committed 41816K, reserved 1085440K
  class space    used 6035K, capacity 6112K, committed 6232K, reserved 1048576K
Event: 21.948 GC heap after
Heap after GC invocations=13 (full 3):
 PSYoungGen      total 452608K, used 42993K [0x000000076ab00000, 0x000000078bc80000, 0x00000007c0000000)
  eden space 409600K, 0% used [0x000000076ab00000,0x000000076ab00000,0x0000000783b00000)
  from space 43008K, 99% used [0x0000000789280000,0x000000078bc7c448,0x000000078bc80000)
  to   space 57856K, 0% used [0x0000000784b80000,0x0000000784b80000,0x0000000788400000)
 ParOldGen       total 126976K, used 66050K [0x00000006c0000000, 0x00000006c7c00000, 0x000000076ab00000)
  object space 126976K, 52% used [0x00000006c0000000,0x00000006c40809d8,0x00000006c7c00000)
 Metaspace       used 41243K, capacity 41500K, committed 41816K, reserved 1085440K
  class space    used 6035K, capacity 6112K, committed 6232K, reserved 1048576K
}
Event: 24.422 GC heap before
{Heap before GC invocations=14 (full 3):
 PSYoungGen      total 452608K, used 452593K [0x000000076ab00000, 0x000000078bc80000, 0x00000007c0000000)
  eden space 409600K, 100% used [0x000000076ab00000,0x0000000783b00000,0x0000000783b00000)
  from space 43008K, 99% used [0x0000000789280000,0x000000078bc7c448,0x000000078bc80000)
  to   space 57856K, 0% used [0x0000000784b80000,0x0000000784b80000,0x0000000788400000)
 ParOldGen       total 126976K, used 66050K [0x00000006c0000000, 0x00000006c7c00000, 0x000000076ab00000)
  object space 126976K, 52% used [0x00000006c0000000,0x00000006c40809d8,0x00000006c7c00000)
 Metaspace       used 43612K, capacity 43868K, committed 44248K, reserved 1087488K
  class space    used 6450K, capacity 6560K, committed 6616K, reserved 1048576K
Event: 24.467 GC heap after
Heap after GC invocations=14 (full 3):
 PSYoungGen      total 484352K, used 15924K [0x000000076ab00000, 0x0000000793a80000, 0x00000007c0000000)
  eden space 426496K, 0% used [0x000000076ab00000,0x000000076ab00000,0x0000000784b80000)
  from space 57856K, 27% used [0x0000000784b80000,0x0000000785b0d178,0x0000000788400000)
  to   space 55296K, 0% used [0x0000000790480000,0x0000000790480000,0x0000000793a80000)
 ParOldGen       total 126976K, used 107176K [0x00000006c0000000, 0x00000006c7c00000, 0x000000076ab00000)
  object space 126976K, 84% used [0x00000006c0000000,0x00000006c68aa1a8,0x00000006c7c00000)
 Metaspace       used 43612K, capacity 43868K, committed 44248K, reserved 1087488K
  class space    used 6450K, capacity 6560K, committed 6616K, reserved 1048576K
}
Event: 24.467 GC heap before
{Heap before GC invocations=15 (full 4):
 PSYoungGen      total 484352K, used 15924K [0x000000076ab00000, 0x0000000793a80000, 0x00000007c0000000)
  eden space 426496K, 0% used [0x000000076ab00000,0x000000076ab00000,0x0000000784b80000)
  from space 57856K, 27% used [0x0000000784b80000,0x0000000785b0d178,0x0000000788400000)
  to   space 55296K, 0% used [0x0000000790480000,0x0000000790480000,0x0000000793a80000)
 ParOldGen       total 126976K, used 107176K [0x00000006c0000000, 0x00000006c7c00000, 0x000000076ab00000)
  object space 126976K, 84% used [0x00000006c0000000,0x00000006c68aa1a8,0x00000006c7c00000)
 Metaspace       used 43612K, capacity 43868K, committed 44248K, reserved 1087488K
  class space    used 6450K, capacity 6560K, committed 6616K, reserved 1048576K
Event: 24.679 GC heap after
Heap after GC invocations=15 (full 4):
 PSYoungGen      total 484352K, used 0K [0x000000076ab00000, 0x0000000793a80000, 0x00000007c0000000)
  eden space 426496K, 0% used [0x000000076ab00000,0x000000076ab00000,0x0000000784b80000)
  from space 57856K, 0% used [0x0000000784b80000,0x0000000784b80000,0x0000000788400000)
  to   space 55296K, 0% used [0x0000000790480000,0x0000000790480000,0x0000000793a80000)
 ParOldGen       total 263168K, used 92045K [0x00000006c0000000, 0x00000006d0100000, 0x000000076ab00000)
  object space 263168K, 34% used [0x00000006c0000000,0x00000006c59e3570,0x00000006d0100000)
 Metaspace       used 43612K, capacity 43868K, committed 44248K, reserved 1087488K
  class space    used 6450K, capacity 6560K, committed 6616K, reserved 1048576K
}
Event: 27.236 GC heap before
{Heap before GC invocations=16 (full 4):
 PSYoungGen      total 484352K, used 426496K [0x000000076ab00000, 0x0000000793a80000, 0x00000007c0000000)
  eden space 426496K, 100% used [0x000000076ab00000,0x0000000784b80000,0x0000000784b80000)
  from space 57856K, 0% used [0x0000000784b80000,0x0000000784b80000,0x0000000788400000)
  to   space 55296K, 0% used [0x0000000790480000,0x0000000790480000,0x0000000793a80000)
 ParOldGen       total 263168K, used 92045K [0x00000006c0000000, 0x00000006d0100000, 0x000000076ab00000)
  object space 263168K, 34% used [0x00000006c0000000,0x00000006c59e3570,0x00000006d0100000)
 Metaspace       used 46971K, capacity 47260K, committed 47576K, reserved 1089536K
  class space    used 7161K, capacity 7264K, committed 7384K, reserved 1048576K
Event: 27.262 GC heap after
Heap after GC invocations=16 (full 4):
 PSYoungGen      total 619008K, used 17418K [0x000000076ab00000, 0x0000000793f80000, 0x00000007c0000000)
  eden space 563712K, 0% used [0x000000076ab00000,0x000000076ab00000,0x000000078d180000)
  from space 55296K, 31% used [0x0000000790480000,0x0000000791582880,0x0000000793a80000)
  to   space 52224K, 0% used [0x000000078d180000,0x000000078d180000,0x0000000790480000)
 ParOldGen       total 263168K, used 92045K [0x00000006c0000000, 0x00000006d0100000, 0x000000076ab00000)
  object space 263168K, 34% used [0x00000006c0000000,0x00000006c59e3570,0x00000006d0100000)
 Metaspace       used 46971K, capacity 47260K, committed 47576K, reserved 1089536K
  class space    used 7161K, capacity 7264K, committed 7384K, reserved 1048576K
}

Deoptimization events (10 events):
Event: 23.970 Thread 0x00007fe5dc803800 Uncommon trap: reason=class_check action=maybe_recompile pc=0x0000000106ae5230 method=java.util.AbstractMap.equals(Ljava/lang/Object;)Z @ 28
Event: 23.970 Thread 0x00007fe5dc803800 Uncommon trap: reason=class_check action=maybe_recompile pc=0x0000000106ae5230 method=java.util.AbstractMap.equals(Ljava/lang/Object;)Z @ 28
Event: 23.970 Thread 0x00007fe5dc803800 Uncommon trap: reason=class_check action=maybe_recompile pc=0x0000000106ae5230 method=java.util.AbstractMap.equals(Ljava/lang/Object;)Z @ 28
Event: 25.297 Thread 0x00007fe5dc803800 Uncommon trap: reason=class_check action=maybe_recompile pc=0x00000001064ae12c method=net.minecraftforge.fml.common.asm.transformers.deobf.FMLDeobfuscatingRemapper.map(Ljava/lang/String;)Ljava/lang/String; @ 11
Event: 25.960 Thread 0x00007fe5dc803800 Uncommon trap: reason=unstable_if action=reinterpret pc=0x00000001068ec0a4 method=org.objectweb.asm.ClassReader.readFrame(IZZLorg/objectweb/asm/Context;)I @ 140
Event: 27.173 Thread 0x00007fe5dc803800 Uncommon trap: reason=unstable_if action=reinterpret pc=0x0000000106b18ff8 method=org.objectweb.asm.Type.getArgumentsAndReturnSizes(Ljava/lang/String;)I @ 100
Event: 27.181 Thread 0x00007fe5dc803800 Uncommon trap: reason=unstable_if action=reinterpret pc=0x000000010655f064 method=org.objectweb.asm.Type.getArgumentsAndReturnSizes(Ljava/lang/String;)I @ 100
Event: 27.801 Thread 0x00007fe5dc803800 Uncommon trap: reason=unstable_if action=reinterpret pc=0x0000000106413bd8 method=com.google.common.base.Splitter$SplittingIterator.computeNext()Ljava/lang/String; @ 193
Event: 27.801 Thread 0x00007fe5dc803800 Uncommon trap: reason=unstable_if action=reinterpret pc=0x00000001065acfc4 method=java.util.regex.Pattern$BmpCharProperty.match(Ljava/util/regex/Matcher;ILjava/lang/CharSequence;)Z @ 34
Event: 28.683 Thread 0x00007fe5dc803800 Uncommon trap: reason=predicate action=maybe_recompile pc=0x00000001068508ac method=java.lang.String.regionMatches(ZILjava/lang/String;II)Z @ 63

Internal exceptions (10 events):
Event: 28.552 Thread 0x00007fe5dc803800 NullPointerException at vtable entry 0x0000000106263818
Event: 28.553 Thread 0x00007fe5dc803800 Exception <a 'java/lang/NullPointerException'> (0x0000000777c4bcb0) thrown at [/Users/java_re/workspace/8-2-build-macosx-x86_64/jdk8u121/8372/hotspot/src/share/vm/runtime/sharedRuntime.cpp, line 605]
Event: 28.561 Thread 0x00007fe5dc803800 NullPointerException at vtable entry 0x0000000106263818
Event: 28.561 Thread 0x00007fe5dc803800 Exception <a 'java/lang/NullPointerException'> (0x0000000777dd3988) thrown at [/Users/java_re/workspace/8-2-build-macosx-x86_64/jdk8u121/8372/hotspot/src/share/vm/runtime/sharedRuntime.cpp, line 605]
Event: 28.563 Thread 0x00007fe5dc803800 NullPointerException at vtable entry 0x0000000106263818
Event: 28.563 Thread 0x00007fe5dc803800 Exception <a 'java/lang/NullPointerException'> (0x0000000777e517c0) thrown at [/Users/java_re/workspace/8-2-build-macosx-x86_64/jdk8u121/8372/hotspot/src/share/vm/runtime/sharedRuntime.cpp, line 605]
Event: 28.580 Thread 0x00007fe5dc803800 NullPointerException at vtable entry 0x0000000106263818
Event: 28.580 Thread 0x00007fe5dc803800 Exception <a 'java/lang/NullPointerException'> (0x00000007780c7478) thrown at [/Users/java_re/workspace/8-2-build-macosx-x86_64/jdk8u121/8372/hotspot/src/share/vm/runtime/sharedRuntime.cpp, line 605]
Event: 28.592 Thread 0x00007fe5dc803800 NullPointerException at vtable entry 0x0000000106263818
Event: 28.592 Thread 0x00007fe5dc803800 Exception <a 'java/lang/NullPointerException'> (0x00000007782652c8) thrown at [/Users/java_re/workspace/8-2-build-macosx-x86_64/jdk8u121/8372/hotspot/src/share/vm/runtime/sharedRuntime.cpp, line 605]

Events (10 events):
Event: 28.683 Thread 0x00007fe5dc803800 DEOPT UNPACKING pc=0x0000000106152229 sp=0x000070000df5e380 mode 2
Event: 28.683 loading class org/lwjgl/MemoryUtilSun
Event: 28.683 loading class org/lwjgl/MemoryUtilSun done
Event: 28.684 loading class org/lwjgl/MemoryUtilSun$AccessorReflectFast
Event: 28.684 loading class org/lwjgl/MemoryUtilSun$AccessorReflectFast done
Event: 28.685 loading class org/lwjgl/MemoryUtil$CharSequenceNT
Event: 28.685 loading class org/lwjgl/MemoryUtil$CharSequenceNT done
Event: 28.697 loading class java/nio/StringCharBuffer
Event: 28.697 loading class java/nio/StringCharBuffer done
Event: 28.697 Executing VM operation: Deoptimize


Dynamic libraries:
0x000000000640d000 	/System/Library/Frameworks/Cocoa.framework/Versions/A/Cocoa
0x000000000640d000 	/System/Library/Frameworks/Security.framework/Versions/A/Security
0x000000000640d000 	/System/Library/Frameworks/ApplicationServices.framework/Versions/A/ApplicationServices
0x000000000640d000 	/usr/lib/libz.1.dylib
0x000000000640d000 	/usr/lib/libSystem.B.dylib
0x000000000640d000 	/usr/lib/libobjc.A.dylib
0x000000000640d000 	/System/Library/Frameworks/CoreFoundation.framework/Versions/A/CoreFoundation
0x000000000640d000 	/System/Library/Frameworks/Foundation.framework/Versions/C/Foundation
0x000000000640d000 	/System/Library/Frameworks/AppKit.framework/Versions/C/AppKit
0x000000000640d000 	/System/Library/Frameworks/CoreData.framework/Versions/A/CoreData
0x000000000640d000 	/System/Library/PrivateFrameworks/RemoteViewServices.framework/Versions/A/RemoteViewServices
0x000000000640d000 	/System/Library/PrivateFrameworks/UIFoundation.framework/Versions/A/UIFoundation
0x000000000640d000 	/System/Library/PrivateFrameworks/DFRFoundation.framework/Versions/A/DFRFoundation
0x000000000640d000 	/usr/lib/libenergytrace.dylib
0x000000000640d000 	/System/Library/PrivateFrameworks/SkyLight.framework/Versions/A/SkyLight
0x000000000640d000 	/System/Library/Frameworks/CoreGraphics.framework/Versions/A/CoreGraphics
0x000000000640d000 	/usr/lib/libScreenReader.dylib
0x000000000640d000 	/System/Library/Frameworks/Accelerate.framework/Versions/A/Accelerate
0x000000000640d000 	/System/Library/Frameworks/IOSurface.framework/Versions/A/IOSurface
0x000000000640d000 	/System/Library/Frameworks/AudioToolbox.framework/Versions/A/AudioToolbox
0x000000000640d000 	/System/Library/Frameworks/AudioUnit.framework/Versions/A/AudioUnit
0x000000000640d000 	/System/Library/PrivateFrameworks/DataDetectorsCore.framework/Versions/A/DataDetectorsCore
0x000000000640d000 	/System/Library/PrivateFrameworks/DesktopServicesPriv.framework/Versions/A/DesktopServicesPriv
0x000000000640d000 	/System/Library/Frameworks/Carbon.framework/Versions/A/Frameworks/HIToolbox.framework/Versions/A/HIToolbox
0x000000000640d000 	/usr/lib/libicucore.A.dylib
0x000000000640d000 	/System/Library/Frameworks/QuartzCore.framework/Versions/A/QuartzCore
0x000000000640d000 	/System/Library/Frameworks/Carbon.framework/Versions/A/Frameworks/SpeechRecognition.framework/Versions/A/SpeechRecognition
0x000000000640d000 	/usr/lib/libauto.dylib
0x000000000640d000 	/usr/lib/libxml2.2.dylib
0x000000000640d000 	/System/Library/PrivateFrameworks/CoreUI.framework/Versions/A/CoreUI
0x000000000640d000 	/System/Library/Frameworks/CoreAudio.framework/Versions/A/CoreAudio
0x000000000640d000 	/System/Library/Frameworks/DiskArbitration.framework/Versions/A/DiskArbitration
0x000000000640d000 	/usr/lib/liblangid.dylib
0x000000000640d000 	/System/Library/PrivateFrameworks/MultitouchSupport.framework/Versions/A/MultitouchSupport
0x000000000640d000 	/System/Library/Frameworks/IOKit.framework/Versions/A/IOKit
0x000000000640d000 	/usr/lib/libDiagnosticMessagesClient.dylib
0x000000000640d000 	/System/Library/Frameworks/CoreServices.framework/Versions/A/CoreServices
0x000000000640d000 	/System/Library/PrivateFrameworks/PerformanceAnalysis.framework/Versions/A/PerformanceAnalysis
0x000000000640d000 	/System/Library/PrivateFrameworks/GenerationalStorage.framework/Versions/A/GenerationalStorage
0x000000000640d000 	/System/Library/Frameworks/OpenGL.framework/Versions/A/OpenGL
0x000000000640d000 	/System/Library/Frameworks/CoreImage.framework/Versions/A/CoreImage
0x000000000640d000 	/System/Library/Frameworks/CoreText.framework/Versions/A/CoreText
0x000000000640d000 	/System/Library/Frameworks/ImageIO.framework/Versions/A/ImageIO
0x000000000640d000 	/System/Library/PrivateFrameworks/Backup.framework/Versions/A/Backup
0x000000000640d000 	/usr/lib/libarchive.2.dylib
0x000000000640d000 	/System/Library/Frameworks/CFNetwork.framework/Versions/A/CFNetwork
0x000000000640d000 	/System/Library/Frameworks/SystemConfiguration.framework/Versions/A/SystemConfiguration
0x000000000640d000 	/usr/lib/libCRFSuite.dylib
0x000000000640d000 	/usr/lib/libc++.1.dylib
0x000000000640d000 	/usr/lib/libc++abi.dylib
0x000000000640d000 	/usr/lib/system/libcache.dylib
0x000000000640d000 	/usr/lib/system/libcommonCrypto.dylib
0x000000000640d000 	/usr/lib/system/libcompiler_rt.dylib
0x000000000640d000 	/usr/lib/system/libcopyfile.dylib
0x000000000640d000 	/usr/lib/system/libcorecrypto.dylib
0x000000000640d000 	/usr/lib/system/libdispatch.dylib
0x000000000640d000 	/usr/lib/system/libdyld.dylib
0x000000000640d000 	/usr/lib/system/libkeymgr.dylib
0x000000000640d000 	/usr/lib/system/liblaunch.dylib
0x000000000640d000 	/usr/lib/system/libmacho.dylib
0x000000000640d000 	/usr/lib/system/libquarantine.dylib
0x000000000640d000 	/usr/lib/system/libremovefile.dylib
0x000000000640d000 	/usr/lib/system/libsystem_asl.dylib
0x000000000640d000 	/usr/lib/system/libsystem_blocks.dylib
0x000000000640d000 	/usr/lib/system/libsystem_c.dylib
0x000000000640d000 	/usr/lib/system/libsystem_configuration.dylib
0x000000000640d000 	/usr/lib/system/libsystem_coreservices.dylib
0x000000000640d000 	/usr/lib/system/libsystem_coretls.dylib
0x000000000640d000 	/usr/lib/system/libsystem_dnssd.dylib
0x000000000640d000 	/usr/lib/system/libsystem_info.dylib
0x000000000640d000 	/usr/lib/system/libsystem_kernel.dylib
0x000000000640d000 	/usr/lib/system/libsystem_m.dylib
0x000000000640d000 	/usr/lib/system/libsystem_malloc.dylib
0x000000000640d000 	/usr/lib/system/libsystem_network.dylib
0x000000000640d000 	/usr/lib/system/libsystem_networkextension.dylib
0x000000000640d000 	/usr/lib/system/libsystem_notify.dylib
0x000000000640d000 	/usr/lib/system/libsystem_platform.dylib
0x000000000640d000 	/usr/lib/system/libsystem_pthread.dylib
0x000000000640d000 	/usr/lib/system/libsystem_sandbox.dylib
0x000000000640d000 	/usr/lib/system/libsystem_secinit.dylib
0x000000000640d000 	/usr/lib/system/libsystem_symptoms.dylib
0x000000000640d000 	/usr/lib/system/libsystem_trace.dylib
0x000000000640d000 	/usr/lib/system/libunwind.dylib
0x000000000640d000 	/usr/lib/system/libxpc.dylib
0x000000000640d000 	/usr/lib/libbsm.0.dylib
0x000000000640d000 	/usr/lib/system/libkxld.dylib
0x000000000640d000 	/usr/lib/libcoretls.dylib
0x000000000640d000 	/usr/lib/libcoretls_cfhelpers.dylib
0x000000000640d000 	/usr/lib/libxar.1.dylib
0x000000000640d000 	/usr/lib/libsqlite3.dylib
0x000000000640d000 	/usr/lib/libpam.2.dylib
0x000000000640d000 	/usr/lib/libOpenScriptingUtil.dylib
0x000000000640d000 	/usr/lib/libbz2.1.0.dylib
0x000000000640d000 	/usr/lib/liblzma.5.dylib
0x000000000640d000 	/usr/lib/libnetwork.dylib
0x000000000640d000 	/usr/lib/libpcap.A.dylib
0x000000000640d000 	/System/Library/Frameworks/CoreServices.framework/Versions/A/Frameworks/FSEvents.framework/Versions/A/FSEvents
0x000000000640d000 	/System/Library/Frameworks/CoreServices.framework/Versions/A/Frameworks/CarbonCore.framework/Versions/A/CarbonCore
0x000000000640d000 	/System/Library/Frameworks/CoreServices.framework/Versions/A/Frameworks/Metadata.framework/Versions/A/Metadata
0x000000000640d000 	/System/Library/Frameworks/CoreServices.framework/Versions/A/Frameworks/OSServices.framework/Versions/A/OSServices
0x000000000640d000 	/System/Library/Frameworks/CoreServices.framework/Versions/A/Frameworks/SearchKit.framework/Versions/A/SearchKit
0x000000000640d000 	/System/Library/Frameworks/CoreServices.framework/Versions/A/Frameworks/AE.framework/Versions/A/AE
0x000000000640d000 	/System/Library/Frameworks/CoreServices.framework/Versions/A/Frameworks/LaunchServices.framework/Versions/A/LaunchServices
0x000000000640d000 	/System/Library/Frameworks/CoreServices.framework/Versions/A/Frameworks/DictionaryServices.framework/Versions/A/DictionaryServices
0x000000000640d000 	/System/Library/Frameworks/CoreServices.framework/Versions/A/Frameworks/SharedFileList.framework/Versions/A/SharedFileList
0x000000000640d000 	/System/Library/Frameworks/NetFS.framework/Versions/A/NetFS
0x000000000640d000 	/System/Library/PrivateFrameworks/NetAuth.framework/Versions/A/NetAuth
0x000000000640d000 	/System/Library/PrivateFrameworks/login.framework/Versions/A/Frameworks/loginsupport.framework/Versions/A/loginsupport
0x000000000640d000 	/System/Library/PrivateFrameworks/TCC.framework/Versions/A/TCC
0x000000000640d000 	/usr/lib/libmecabra.dylib
0x000000000640d000 	/System/Library/Frameworks/ApplicationServices.framework/Versions/A/Frameworks/ATS.framework/Versions/A/ATS
0x000000000640d000 	/System/Library/Frameworks/ApplicationServices.framework/Versions/A/Frameworks/ColorSync.framework/Versions/A/ColorSync
0x000000000640d000 	/System/Library/Frameworks/ApplicationServices.framework/Versions/A/Frameworks/HIServices.framework/Versions/A/HIServices
0x000000000640d000 	/System/Library/Frameworks/ApplicationServices.framework/Versions/A/Frameworks/LangAnalysis.framework/Versions/A/LangAnalysis
0x000000000640d000 	/System/Library/Frameworks/ApplicationServices.framework/Versions/A/Frameworks/PrintCore.framework/Versions/A/PrintCore
0x000000000640d000 	/System/Library/Frameworks/ApplicationServices.framework/Versions/A/Frameworks/QD.framework/Versions/A/QD
0x000000000640d000 	/System/Library/Frameworks/ApplicationServices.framework/Versions/A/Frameworks/SpeechSynthesis.framework/Versions/A/SpeechSynthesis
0x000000000640d000 	/System/Library/Frameworks/Accelerate.framework/Versions/A/Frameworks/vImage.framework/Versions/A/vImage
0x000000000640d000 	/System/Library/Frameworks/Accelerate.framework/Versions/A/Frameworks/vecLib.framework/Versions/A/vecLib
0x000000000640d000 	/System/Library/Frameworks/Accelerate.framework/Versions/A/Frameworks/vecLib.framework/Versions/A/libvDSP.dylib
0x000000000640d000 	/System/Library/Frameworks/Accelerate.framework/Versions/A/Frameworks/vecLib.framework/Versions/A/libBNNS.dylib
0x000000000640d000 	/System/Library/Frameworks/Accelerate.framework/Versions/A/Frameworks/vecLib.framework/Versions/A/libQuadrature.dylib
0x000000000640d000 	/System/Library/Frameworks/Accelerate.framework/Versions/A/Frameworks/vecLib.framework/Versions/A/libvMisc.dylib
0x000000000640d000 	/System/Library/Frameworks/Accelerate.framework/Versions/A/Frameworks/vecLib.framework/Versions/A/libLAPACK.dylib
0x000000000640d000 	/System/Library/Frameworks/Accelerate.framework/Versions/A/Frameworks/vecLib.framework/Versions/A/libBLAS.dylib
0x000000000640d000 	/System/Library/Frameworks/Accelerate.framework/Versions/A/Frameworks/vecLib.framework/Versions/A/libLinearAlgebra.dylib
0x000000000640d000 	/System/Library/Frameworks/Accelerate.framework/Versions/A/Frameworks/vecLib.framework/Versions/A/libSparseBLAS.dylib
0x000000000640d000 	/System/Library/Frameworks/ApplicationServices.framework/Versions/A/Frameworks/ATS.framework/Versions/A/Resources/libFontParser.dylib
0x000000000640d000 	/System/Library/Frameworks/ApplicationServices.framework/Versions/A/Frameworks/ATS.framework/Versions/A/Resources/libFontRegistry.dylib
0x000000000640d000 	/System/Library/Frameworks/ImageIO.framework/Versions/A/Resources/libJPEG.dylib
0x000000000640d000 	/System/Library/Frameworks/ImageIO.framework/Versions/A/Resources/libTIFF.dylib
0x000000000640d000 	/System/Library/Frameworks/ImageIO.framework/Versions/A/Resources/libPng.dylib
0x000000000640d000 	/System/Library/Frameworks/ImageIO.framework/Versions/A/Resources/libGIF.dylib
0x000000000640d000 	/System/Library/Frameworks/ImageIO.framework/Versions/A/Resources/libJP2.dylib
0x000000000640d000 	/System/Library/Frameworks/ImageIO.framework/Versions/A/Resources/libRadiance.dylib
0x000000000640d000 	/usr/lib/libcompression.dylib
0x000000000640d000 	/System/Library/PrivateFrameworks/AppleJPEG.framework/Versions/A/AppleJPEG
0x000000000640d000 	/usr/lib/libcups.2.dylib
0x000000000640d000 	/System/Library/Frameworks/Kerberos.framework/Versions/A/Kerberos
0x000000000640d000 	/System/Library/Frameworks/GSS.framework/Versions/A/GSS
0x000000000640d000 	/usr/lib/libresolv.9.dylib
0x000000000640d000 	/usr/lib/libiconv.2.dylib
0x000000000640d000 	/System/Library/PrivateFrameworks/Heimdal.framework/Versions/A/Heimdal
0x000000000640d000 	/usr/lib/libheimdal-asn1.dylib
0x000000000640d000 	/System/Library/Frameworks/OpenDirectory.framework/Versions/A/OpenDirectory
0x000000000640d000 	/System/Library/PrivateFrameworks/CommonAuth.framework/Versions/A/CommonAuth
0x000000000640d000 	/System/Library/Frameworks/OpenDirectory.framework/Versions/A/Frameworks/CFOpenDirectory.framework/Versions/A/CFOpenDirectory
0x000000000640d000 	/System/Library/Frameworks/SecurityFoundation.framework/Versions/A/SecurityFoundation
0x000000000640d000 	/System/Library/PrivateFrameworks/LanguageModeling.framework/Versions/A/LanguageModeling
0x000000000640d000 	/usr/lib/libmarisa.dylib
0x000000000640d000 	/usr/lib/libChineseTokenizer.dylib
0x000000000640d000 	/usr/lib/libcmph.dylib
0x000000000640d000 	/System/Library/PrivateFrameworks/CoreEmoji.framework/Versions/A/CoreEmoji
0x000000000640d000 	/System/Library/Frameworks/ServiceManagement.framework/Versions/A/ServiceManagement
0x000000000640d000 	/usr/lib/libxslt.1.dylib
0x000000000640d000 	/System/Library/Frameworks/Carbon.framework/Versions/A/Frameworks/Ink.framework/Versions/A/Ink
0x000000000640d000 	/System/Library/PrivateFrameworks/TextureIO.framework/Versions/A/TextureIO
0x000000000640d000 	/System/Library/Frameworks/Metal.framework/Versions/A/Metal
0x000000000640d000 	/usr/lib/libate.dylib
0x000000000640d000 	/System/Library/PrivateFrameworks/GPUCompiler.framework/libmetal_timestamp.dylib
0x000000000640d000 	/System/Library/Frameworks/OpenGL.framework/Versions/A/Libraries/libCoreFSCache.dylib
0x000000000640d000 	/System/Library/PrivateFrameworks/IOAccelerator.framework/Versions/A/IOAccelerator
0x000000000640d000 	/System/Library/Frameworks/CoreVideo.framework/Versions/A/CoreVideo
0x000000000640d000 	/usr/lib/libFosl_dynamic.dylib
0x000000000640d000 	/System/Library/PrivateFrameworks/MetalPerformanceShaders.framework/Versions/A/MetalPerformanceShaders
0x000000000640d000 	/System/Library/PrivateFrameworks/FaceCore.framework/Versions/A/FaceCore
0x000000000640d000 	/System/Library/Frameworks/OpenCL.framework/Versions/A/OpenCL
0x000000000640d000 	/System/Library/Frameworks/OpenGL.framework/Versions/A/Libraries/libGLU.dylib
0x000000000640d000 	/System/Library/Frameworks/OpenGL.framework/Versions/A/Libraries/libGFXShared.dylib
0x000000000640d000 	/System/Library/Frameworks/OpenGL.framework/Versions/A/Libraries/libGL.dylib
0x000000000640d000 	/System/Library/Frameworks/OpenGL.framework/Versions/A/Libraries/libGLImage.dylib
0x000000000640d000 	/System/Library/Frameworks/OpenGL.framework/Versions/A/Libraries/libCVMSPluginSupport.dylib
0x000000000640d000 	/System/Library/Frameworks/OpenGL.framework/Versions/A/Libraries/libCoreVMClient.dylib
0x000000000640d000 	/System/Library/PrivateFrameworks/CrashReporterSupport.framework/Versions/A/CrashReporterSupport
0x000000000640d000 	/System/Library/PrivateFrameworks/Sharing.framework/Versions/A/Sharing
0x000000000640d000 	/System/Library/PrivateFrameworks/IconServices.framework/Versions/A/IconServices
0x000000000640d000 	/System/Library/PrivateFrameworks/ProtocolBuffer.framework/Versions/A/ProtocolBuffer
0x000000000640d000 	/System/Library/PrivateFrameworks/Apple80211.framework/Versions/A/Apple80211
0x000000000640d000 	/System/Library/Frameworks/CoreWLAN.framework/Versions/A/CoreWLAN
0x000000000640d000 	/System/Library/PrivateFrameworks/CoreUtils.framework/Versions/A/CoreUtils
0x000000000640d000 	/System/Library/Frameworks/IOBluetooth.framework/Versions/A/IOBluetooth
0x000000000640d000 	/System/Library/PrivateFrameworks/CoreWiFi.framework/Versions/A/CoreWiFi
0x000000000640d000 	/System/Library/Frameworks/CoreBluetooth.framework/Versions/A/CoreBluetooth
0x000000000640d000 	/System/Library/Frameworks/CoreDisplay.framework/Versions/A/CoreDisplay
0x000000000640d000 	/System/Library/PrivateFrameworks/IOPresentment.framework/Versions/A/IOPresentment
0x000000000640d000 	/System/Library/PrivateFrameworks/DebugSymbols.framework/Versions/A/DebugSymbols
0x000000000640d000 	/System/Library/PrivateFrameworks/CoreSymbolication.framework/Versions/A/CoreSymbolication
0x000000000640d000 	/System/Library/PrivateFrameworks/Symbolication.framework/Versions/A/Symbolication
0x000000000640d000 	/System/Library/PrivateFrameworks/AppleFSCompression.framework/Versions/A/AppleFSCompression
0x000000000640d000 	/System/Library/PrivateFrameworks/SpeechRecognitionCore.framework/Versions/A/SpeechRecognitionCore
0x000000000640d000 	/System/Library/PrivateFrameworks/ChunkingLibrary.framework/Versions/A/ChunkingLibrary
0x0000000102800000 	/Library/Java/JavaVirtualMachines/jdk1.8.0_121.jdk/Contents/Home/jre/lib/server/libjvm.dylib
0x000000000640d000 	/usr/lib/libstdc++.6.dylib
0x0000000101f2b000 	/Library/Java/JavaVirtualMachines/jdk1.8.0_121.jdk/Contents/Home/jre/lib/libverify.dylib
0x0000000101f39000 	/Library/Java/JavaVirtualMachines/jdk1.8.0_121.jdk/Contents/Home/jre/lib/libjava.dylib
0x0000000101f78000 	/Library/Java/JavaVirtualMachines/jdk1.8.0_121.jdk/Contents/Home/jre/lib/libzip.dylib
0x000000011dbed000 	/System/Library/Frameworks/JavaVM.framework/Frameworks/JavaRuntimeSupport.framework/JavaRuntimeSupport
0x000000011dc07000 	/System/Library/Frameworks/JavaVM.framework/Versions/A/Frameworks/JavaNativeFoundation.framework/Versions/A/JavaNativeFoundation
0x000000011dc1c000 	/System/Library/Frameworks/JavaVM.framework/Versions/A/JavaVM
0x000000000640d000 	/System/Library/Frameworks/Carbon.framework/Versions/A/Carbon
0x000000011dc29000 	/System/Library/PrivateFrameworks/JavaLaunching.framework/Versions/A/JavaLaunching
0x000000000640d000 	/System/Library/Frameworks/Carbon.framework/Versions/A/Frameworks/CommonPanels.framework/Versions/A/CommonPanels
0x000000000640d000 	/System/Library/Frameworks/Carbon.framework/Versions/A/Frameworks/Help.framework/Versions/A/Help
0x000000000640d000 	/System/Library/Frameworks/Carbon.framework/Versions/A/Frameworks/ImageCapture.framework/Versions/A/ImageCapture
0x000000000640d000 	/System/Library/Frameworks/Carbon.framework/Versions/A/Frameworks/OpenScripting.framework/Versions/A/OpenScripting
0x000000000640d000 	/System/Library/Frameworks/Carbon.framework/Versions/A/Frameworks/Print.framework/Versions/A/Print
0x000000000640d000 	/System/Library/Frameworks/Carbon.framework/Versions/A/Frameworks/SecurityHI.framework/Versions/A/SecurityHI
0x000000011f9b2000 	/Library/Java/JavaVirtualMachines/jdk1.8.0_121.jdk/Contents/Home/jre/lib/libmanagement.dylib
0x000000011f9c0000 	/Library/Java/JavaVirtualMachines/jdk1.8.0_121.jdk/Contents/Home/jre/lib/libnet.dylib
0x000000011fa1f000 	/Library/Java/JavaVirtualMachines/jdk1.8.0_121.jdk/Contents/Home/jre/lib/libnio.dylib
0x000000011fa38000 	/Library/Java/JavaVirtualMachines/jdk1.8.0_121.jdk/Contents/Home/jre/lib/libsunec.dylib
0x0000000120c40000 	/Library/Java/JavaVirtualMachines/jdk1.8.0_121.jdk/Contents/Home/jre/lib/libawt.dylib
0x0000000120ce8000 	/Library/Java/JavaVirtualMachines/jdk1.8.0_121.jdk/Contents/Home/jre/lib/./libmlib_image.dylib
0x0000000120e49000 	/Library/Java/JavaVirtualMachines/jdk1.8.0_121.jdk/Contents/Home/jre/lib/libawt_lwawt.dylib
0x000000011fdfe000 	/Library/Java/JavaVirtualMachines/jdk1.8.0_121.jdk/Contents/Home/jre/lib/./libosxapp.dylib
0x000000000640d000 	/System/Library/Frameworks/ExceptionHandling.framework/Versions/A/ExceptionHandling
0x000000000640d000 	/System/Library/PrivateFrameworks/CoreServicesInternal.framework/Versions/A/CoreServicesInternal
0x000000000640d000 	/System/Library/CoreServices/RawCamera.bundle/Contents/MacOS/RawCamera
0x000000000640d000 	/System/Library/Frameworks/Accelerate.framework/Versions/A/Frameworks/vImage.framework/Versions/A/Libraries/libCGInterfaces.dylib
0x00000001223b8000 	/System/Library/Frameworks/OpenGL.framework/Resources/GLEngine.bundle/GLEngine
0x000000012435f000 	/System/Library/Frameworks/OpenGL.framework/Versions/A/Libraries/libGLProgrammability.dylib
0x00000001258e2000 	/System/Library/Extensions/AppleIntelBDWGraphicsGLDriver.bundle/Contents/MacOS/AppleIntelBDWGraphicsGLDriver
0x000000000640d000 	/System/Library/PrivateFrameworks/GPUSupport.framework/Versions/A/Libraries/libGPUSupportMercury.dylib
0x00000001211f6000 	/System/Library/Frameworks/OpenGL.framework/Resources//GLRendererFloat.bundle/GLRendererFloat
0x000000000640d000 	/System/Library/Frameworks/OpenCL.framework/Versions/A/Libraries/libcldcpuengine.dylib
0x000000000640d000 	/usr/lib/libcrypto.0.9.8.dylib
0x000000000640d000 	/System/Library/PrivateFrameworks/TrustEvaluationAgent.framework/Versions/A/TrustEvaluationAgent
0x0000000122861000 	/System/Library/Extensions/AppleIntelBDWGraphicsMTLDriver.bundle/Contents/MacOS/AppleIntelBDWGraphicsMTLDriver
0x000000000640d000 	/System/Library/PrivateFrameworks/FamilyControls.framework/Versions/A/FamilyControls
0x000000000640d000 	/System/Library/PrivateFrameworks/CommerceKit.framework/Versions/A/Frameworks/CommerceCore.framework/Versions/A/CommerceCore
0x000000000640d000 	/System/Library/PrivateFrameworks/SystemAdministration.framework/Versions/A/SystemAdministration
0x000000000640d000 	/System/Library/PrivateFrameworks/AppContainer.framework/Versions/A/AppContainer
0x000000000640d000 	/System/Library/PrivateFrameworks/SecCodeWrapper.framework/Versions/A/SecCodeWrapper
0x000000000640d000 	/System/Library/Frameworks/DirectoryService.framework/Versions/A/DirectoryService
0x000000000640d000 	/System/Library/PrivateFrameworks/DiskImages.framework/Versions/A/DiskImages
0x000000000640d000 	/System/Library/PrivateFrameworks/LoginUIKit.framework/Versions/A/Frameworks/LoginUICore.framework/Versions/A/LoginUICore
0x000000000640d000 	/usr/lib/libCoreStorage.dylib
0x000000000640d000 	/usr/lib/libcsfde.dylib
0x000000000640d000 	/usr/lib/libodfde.dylib
0x000000000640d000 	/System/Library/Frameworks/DiscRecording.framework/Versions/A/DiscRecording
0x000000000640d000 	/usr/lib/libcurl.4.dylib
0x000000000640d000 	/System/Library/PrivateFrameworks/MediaKit.framework/Versions/A/MediaKit
0x000000000640d000 	/System/Library/PrivateFrameworks/ProtectedCloudStorage.framework/Versions/A/ProtectedCloudStorage
0x000000000640d000 	/System/Library/PrivateFrameworks/EFILogin.framework/Versions/A/EFILogin
0x000000000640d000 	/usr/lib/libutil.dylib
0x000000000640d000 	/System/Library/Frameworks/LDAP.framework/Versions/A/LDAP
0x000000000640d000 	/usr/lib/libsasl2.2.dylib
0x000000000640d000 	/System/Library/PrivateFrameworks/CoreDaemon.framework/Versions/B/CoreDaemon
0x000000000640d000 	/System/Library/PrivateFrameworks/AppleSRP.framework/Versions/A/AppleSRP
0x000000000640d000 	/System/Library/PrivateFrameworks/APFS.framework/Versions/A/APFS
0x000000012478d000 	/Library/Java/JavaVirtualMachines/jdk1.8.0_121.jdk/Contents/Home/jre/lib/libfontmanager.dylib
0x0000000127125000 	/Users/jayavery/.gradle/caches/minecraft/net/minecraft/natives/1.11/liblwjgl.dylib
0x0000000120e3c000 	/Library/Java/JavaVirtualMachines/jdk1.8.0_121.jdk/Contents/Home/jre/lib/libjawt.dylib
0x000000000640d000 	/System/Library/PrivateFrameworks/ViewBridge.framework/Versions/A/ViewBridge
0x000000000640d000 	/System/Library/PrivateFrameworks/XPCService.framework/Versions/A/XPCService
0x000000000640d000 	/System/Library/PrivateFrameworks/AppSandbox.framework/Versions/A/AppSandbox
0x000000000640d000 	/usr/lib/libsandbox.1.dylib
0x000000000640d000 	/usr/lib/libMatch.1.dylib

VM Arguments:
jvm_args: -Dfile.encoding=UTF-8 
java_command: GradleStart --username=a.j.rowe@outlook.com --password=mgGerb!94
java_class_path (initial): /Users/jayavery/Documents/Me/Minecraft/Modding/jjmod/jjmod/bin:/Users/jayavery/Documents/Me/Minecraft/Modding/Forge 1.11 13.19.1.2189/bin:/Users/jayavery/.gradle/caches/modules-2/files-2.1/com.google.code.findbugs/jsr305/3.0.1/f7be08ec23c21485b9b5a1cf1654c2ec8c58168d/jsr305-3.0.1.jar:/Users/jayavery/.gradle/caches/modules-2/files-2.1/com.mojang/netty/1.6/4b75825a06139752bd800d9e29c5fd55b8b1b1e4/netty-1.6.jar:/Users/jayavery/.gradle/caches/modules-2/files-2.1/oshi-project/oshi-core/1.1/9ddf7b048a8d701be231c0f4f95fd986198fd2d8/oshi-core-1.1.jar:/Users/jayavery/.gradle/caches/modules-2/files-2.1/net.java.dev.jna/jna/3.4.0/803ff252fedbd395baffd43b37341dc4a150a554/jna-3.4.0.jar:/Users/jayavery/.gradle/caches/modules-2/files-2.1/net.java.dev.jna/platform/3.4.0/e3f70017be8100d3d6923f50b3d2ee17714e9c13/platform-3.4.0.jar:/Users/jayavery/.gradle/caches/modules-2/files-2.1/com.ibm.icu/icu4j-core-mojang/51.2/63d216a9311cca6be337c1e458e587f99d382b84/icu4j-core-mojang-51.2.jar:/Users/jayavery/.gradle/caches/modules-2/files-2.1/net.sf.jopt-simple/jopt-simple/4.6/306816fb57cf94f108a43c95731b08934dcae15c/jopt-simple-4.6.jar:/Users/jayavery/.gradle/caches/modules-2/files-2.1/io.netty/netty-all/4.0.23.Final/294104aaf1781d6a56a07d561e792c5d0c95f45/netty-all-4.0.23.Final.jar:/Users/jayavery/.gradle/caches/modules-2/files-2.1/com.google.guava/guava/17.0/9c6ef172e8de35fd8d4d8783e4821e57cdef7445/guava-17.0.jar:/Users/jayavery/.gradle/caches/modules-2/files-2.1/org.apache.commons/commons-lang3/3.3.2/90a3822c38ec8c996e84c16a3477ef632cbc87a3/commons-lang3-3.3.2.jar:/Users/jayavery/.gradle/caches/modules-2/files-2.1/commons-io/commons-io/2.4/b1b6ea3b7e4aa4f492509a4952029cd8e48019ad/commons-io-2.4.jar:/Users/jayavery/.gradle/caches/modules-2/files-2.1/commons-codec/commons-codec/1.9/9ce04e34240f674bc72680f8b843b1457383161a/commons-codec-1.9.jar:/Users/jayavery/.gradle/caches/modules-2/files-2.1/net.java.jutils/jutils/1.0.0/e12fe1fda814bd348c1579329c86943d2cd3c6a6/j
Launcher Type: SUN_STANDARD

Environment Variables:
PATH=/usr/bin:/bin:/usr/sbin:/sbin
SHELL=/bin/bash
DISPLAY=/private/tmp/com.apple.launchd.kSh4hzlGfw/org.macosforge.xquartz:0

Signal Handlers:
SIGSEGV: [libjvm.dylib+0x5b1141], sa_mask[0]=11111111011111110111111111111111, sa_flags=SA_ONSTACK|SA_RESTART|SA_SIGINFO
SIGBUS: [libjvm.dylib+0x5b1141], sa_mask[0]=11111111011111110111111111111111, sa_flags=SA_RESTART|SA_SIGINFO
SIGFPE: [libjvm.dylib+0x487bc4], sa_mask[0]=11111111011111110111111111111111, sa_flags=SA_RESTART|SA_SIGINFO
SIGPIPE: [libjvm.dylib+0x487bc4], sa_mask[0]=11111111011111110111111111111111, sa_flags=SA_RESTART|SA_SIGINFO
SIGXFSZ: [libjvm.dylib+0x487bc4], sa_mask[0]=11111111011111110111111111111111, sa_flags=SA_RESTART|SA_SIGINFO
SIGILL: [libjvm.dylib+0x487bc4], sa_mask[0]=11111111011111110111111111111111, sa_flags=SA_RESTART|SA_SIGINFO
SIGUSR1: SIG_DFL, sa_mask[0]=00000000000000000000000000000000, sa_flags=none
SIGUSR2: [libjvm.dylib+0x4876e2], sa_mask[0]=00100000000000000000000000000000, sa_flags=SA_RESTART|SA_SIGINFO
SIGHUP: [libjvm.dylib+0x485cb9], sa_mask[0]=11111111011111110111111111111111, sa_flags=SA_RESTART|SA_SIGINFO
SIGINT: [libjvm.dylib+0x485cb9], sa_mask[0]=11111111011111110111111111111111, sa_flags=SA_RESTART|SA_SIGINFO
SIGTERM: [libjvm.dylib+0x485cb9], sa_mask[0]=11111111011111110111111111111111, sa_flags=SA_RESTART|SA_SIGINFO
SIGQUIT: [libjvm.dylib+0x485cb9], sa_mask[0]=11111111011111110111111111111111, sa_flags=SA_RESTART|SA_SIGINFO


---------------  S Y S T E M  ---------------

OS:Bsduname:Darwin 16.4.0 Darwin Kernel Version 16.4.0: Thu Dec 22 22:53:21 PST 2016; root:xnu-3789.41.3~3/RELEASE_X86_64 x86_64
rlimit: STACK 8192k, CORE 0k, NPROC 709, NOFILE 10240, AS infinity
load average:2.84 2.68 2.91

CPU:total 4 (2 cores per cpu, 2 threads per core) family 6 model 61 stepping 4, cmov, cx8, fxsr, mmx, sse, sse2, sse3, ssse3, sse4.1, sse4.2, popcnt, avx, avx2, aes, clmul, erms, 3dnowpref, lzcnt, ht, tsc, tscinvbit, bmi1, bmi2, adx

Memory: 4k page, physical 16777216k(2410436k free)

/proc/meminfo:


vm_info: Java HotSpot(TM) 64-Bit Server VM (25.121-b13) for bsd-amd64 JRE (1.8.0_121-b13), built on Dec 12 2016 20:39:32 by "java_re" with gcc 4.2.1 (Based on Apple Inc. build 5658) (LLVM build 2336.11.00)

time: Sat Feb 11 19:15:59 2017
elapsed time: 28 seconds (0d 0h 0m 28s)

