#
# A fatal error has been detected by the Java Runtime Environment:
#
#  SIGSEGV (0xb) at pc=0x0000000102d148b5, pid=72151, tid=0x0000000000000307
#
# JRE version: Java(TM) SE Runtime Environment (8.0_121-b13) (build 1.8.0_121-b13)
# Java VM: Java HotSpot(TM) 64-Bit Server VM (25.121-b13 mixed mode bsd-amd64 compressed oops)
# Problematic frame:
# V  [libjvm.dylib+0x3148b5]  jni_GetObjectClass+0x65
#
# Failed to write core dump. Core dumps have been disabled. To enable core dumping, try "ulimit -c unlimited" before starting Java again
#
# If you would like to submit a bug report, please visit:
#   http://bugreport.java.com/bugreport/crash.jsp
#

---------------  T H R E A D  ---------------

Current thread (0x00007f9501872800):  JavaThread "AppKit Thread" daemon [_thread_in_vm, id=775, stack(0x00007fff5d400000,0x00007fff5dc00000)]

siginfo: si_signo: 11 (SIGSEGV), si_code: 1 (SEGV_MAPERR), si_addr: 0x0000000000000000

Registers:
RAX=0x00000001032e6e24, RBX=0x0000000000000000, RCX=0x0000000103222370, RDX=0x0000000000000000
RSP=0x00007fff5dbfa9a0, RBP=0x00007fff5dbfa9f0, RSI=0x0000000000000000, RDI=0x00007f95018729f8
R8 =0x00007f94febabf8c, R9 =0x0000000002c40bc8, R10=0x004e9401004e9480, R11=0x00007fff794c1dcd
R12=0x0000000000000098, R13=0x00007f95038190b0, R14=0x00007f95018729f8, R15=0x00007f9501872800
RIP=0x0000000102d148b5, EFLAGS=0x0000000000010202, ERR=0x0000000000000004
  TRAPNO=0x000000000000000e

Top of Stack: (sp=0x00007fff5dbfa9a0)
0x00007fff5dbfa9a0:   00007f94fc618710 00007f9501872800
0x00007fff5dbfa9b0:   0000000000000000 00007f94fc6171e0
0x00007fff5dbfa9c0:   0000000000000000 00007f9501872800
0x00007fff5dbfa9d0:   00007f9501872800 00007f95018729f8
0x00007fff5dbfa9e0:   00007f95038190b0 00007f94fead1b70
0x00007fff5dbfa9f0:   00007fff5dbfaa50 0000000123c0966a
0x00007fff5dbfaa00:   00007f94fc618710 00007f94fc618810
0x00007fff5dbfaa10:   00007f94fc618c40 00007f94fc6171e0
0x00007fff5dbfaa20:   0002029b5c5846df 00007f94febaba40
0x00007fff5dbfaa30:   fffffffbffffffff 00007f95038190b0
0x00007fff5dbfaa40:   00007f94fead1b70 0000000200000000
0x00007fff5dbfaa50:   00007fff5dbfaeb0 00007fff79be20d9
0x00007fff5dbfaa60:   00007fff5dbfab30 ffff806b038d60d0
0x00007fff5dbfaa70:   0000000000000000 0000000000000000
0x00007fff5dbfaa80:   00000000000000c0 ffff806afc7e6f50
0x00007fff5dbfaa90:   00007f95038190b0 00007fff99ab2480
0x00007fff5dbfaaa0:   00007f94fead29b0 00007fff9042cd13
0x00007fff5dbfaab0:   00007fff99ab2540 00007f95038190b0
0x00007fff5dbfaac0:   000000005dbfab00 ffff806afc7e6f50
0x00007fff5dbfaad0:   00007f94feb36880 00007f94fead29b0
0x00007fff5dbfaae0:   00007fff90424b40 00007fff90424b40
0x00007fff5dbfaaf0:   00007fff95fdb5f0 00007fff95fdb2b8
0x00007fff5dbfab00:   00007fff5dbfab30 00007fff79484517
0x00007fff5dbfab10:   0000000000000000 00000000000000f8
0x00007fff5dbfab20:   00007f94fc729f30 00007f94fead29b0
0x00007fff5dbfab30:   00007fff5dbfaeb0 00007fff79be616c
0x00007fff5dbfab40:   000000000000010e 00007f94feae70a0
0x00007fff5dbfab50:   00007f94fead29b0 00007fff7b779808
0x00007fff5dbfab60:   0000000200001280 00007f94feae70a0
0x00007fff5dbfab70:   00007fff5dbfabe0 00007fff7b772b99
0x00007fff5dbfab80:   00007fff5dbfac38 00007fff5dbfac38
0x00007fff5dbfab90:   00007fff5dbfabf0 00007fff7b8f0edd 

Instructions: (pc=0x0000000102d148b5)
0x0000000102d14895:   74 09 48 8d 7d b8 e8 2e 41 1a 00 4c 89 f7 48 89
0x0000000102d148a5:   de 90 0f 1f 40 00 48 8d 05 72 25 5d 00 80 38 00
0x0000000102d148b5:   48 8b 03 74 15 48 8d 15 df 91 52 00 8a 4a 08 8b
0x0000000102d148c5:   40 08 48 d3 e0 48 03 02 eb 04 48 8b 40 08 48 8b 

Register to memory mapping:

RAX=0x00000001032e6e24: UseCompressedClassPointers+0 in /Library/Java/JavaVirtualMachines/jdk1.8.0_121.jdk/Contents/Home/jre/lib/server/libjvm.dylib at 0x0000000102a00000
RBX=0x0000000000000000 is an unknown value
RCX=0x0000000103222370: UseMembar+0 in /Library/Java/JavaVirtualMachines/jdk1.8.0_121.jdk/Contents/Home/jre/lib/server/libjvm.dylib at 0x0000000102a00000
RDX=0x0000000000000000 is an unknown value
RSP=0x00007fff5dbfa9a0 is pointing into the stack for thread: 0x00007f9501872800
RBP=0x00007fff5dbfa9f0 is pointing into the stack for thread: 0x00007f9501872800
RSI=0x0000000000000000 is an unknown value
RDI=0x00007f95018729f8 is an unknown value
R8 =0x00007f94febabf8c is an unknown value
R9 =0x0000000002c40bc8 is an unknown value
R10=0x004e9401004e9480 is an unknown value
R11=0x00007fff794c1dcd: -[NSEvent timestamp]+0 in /System/Library/Frameworks/AppKit.framework/Versions/C/AppKit at 0x00007fff792a9000
R12=0x0000000000000098 is an unknown value
R13=0x00007f95038190b0 is an unknown value
R14=0x00007f95018729f8 is an unknown value
R15=0x00007f9501872800 is a thread


Stack: [0x00007fff5d400000,0x00007fff5dc00000],  sp=0x00007fff5dbfa9a0,  free space=8170k
Native frames: (J=compiled Java code, j=interpreted, Vv=VM code, C=native code)
V  [libjvm.dylib+0x3148b5]  jni_GetObjectClass+0x65
C  [liblwjgl.dylib+0xa66a]  -[MacOSXOpenGLView scrollWheel:]+0x7a
C  [AppKit+0x9390d9]  -[NSWindow(NSEventRouting) _reallySendEvent:isDelayedEvent:]+0x1a4f
C  [AppKit+0x9372be]  -[NSWindow(NSEventRouting) sendEvent:]+0x21d
C  [AppKit+0x7c0006]  -[NSApplication(NSEvent) sendEvent:]+0x88a
C  [libosxapp.dylib+0x232c]  -[NSApplicationAWT sendEvent:]+0x17a
C  [AppKit+0x3bf81]  -[NSApplication run]+0x3ea
C  [libosxapp.dylib+0x214d]  +[NSApplicationAWT runAWTLoopWithApp:]+0x9c
C  [libawt_lwawt.dylib+0x45ff7]  -[AWTStarter starter:]+0x389
C  [Foundation+0x7188a]  __NSThreadPerformPerform+0x146
C  [CoreFoundation+0xa7981]  __CFRUNLOOP_IS_CALLING_OUT_TO_A_SOURCE0_PERFORM_FUNCTION__+0x11
C  [CoreFoundation+0x88a7d]  __CFRunLoopDoSources0+0x22d
C  [CoreFoundation+0x87f76]  __CFRunLoopRun+0x3a6
C  [CoreFoundation+0x87974]  CFRunLoopRunSpecific+0x1a4
C  [java+0x6465]  CreateExecutionEnvironment+0x367
C  [java+0x218c]  JLI_Launch+0x7a0
C  [java+0x84c2]  main+0x65
C  [java+0x19e4]  start+0x34
C  0x0000000000000007


---------------  P R O C E S S  ---------------

Java Threads: ( => current thread )
  0x00007f95023cd000 JavaThread "Timer hack thread" daemon [_thread_blocked, id=21771, stack(0x00007000088c1000,0x00007000089c1000)]
  0x00007f9501f7c800 JavaThread "AWT-Shutdown" [_thread_blocked, id=30499, stack(0x00007000085b5000,0x00007000086b5000)]
  0x00007f9502b86800 JavaThread "Snooper Timer" daemon [_thread_blocked, id=54583, stack(0x00007000087be000,0x00007000088be000)]
=>0x00007f9501872800 JavaThread "AppKit Thread" daemon [_thread_in_vm, id=775, stack(0x00007fff5d400000,0x00007fff5dc00000)]
  0x00007f94fd83b800 JavaThread "Service Thread" daemon [_thread_blocked, id=18691, stack(0x000070000832c000,0x000070000842c000)]
  0x00007f94fd836000 JavaThread "C1 CompilerThread2" daemon [_thread_blocked, id=18179, stack(0x0000700008229000,0x0000700008329000)]
  0x00007f94fd027800 JavaThread "C2 CompilerThread1" daemon [_thread_in_native, id=17667, stack(0x0000700008126000,0x0000700008226000)]
  0x00007f94fd036800 JavaThread "C2 CompilerThread0" daemon [_thread_in_native, id=17155, stack(0x0000700008023000,0x0000700008123000)]
  0x00007f94fd036000 JavaThread "Signal Dispatcher" daemon [_thread_blocked, id=16643, stack(0x0000700007f20000,0x0000700008020000)]
  0x00007f94fe017000 JavaThread "Finalizer" daemon [_thread_blocked, id=12547, stack(0x0000700007e1d000,0x0000700007f1d000)]
  0x00007f94fd016000 JavaThread "Reference Handler" daemon [_thread_blocked, id=12035, stack(0x0000700007d1a000,0x0000700007e1a000)]
  0x00007f94fc805000 JavaThread "Client thread" [_thread_in_native, id=7171, stack(0x0000700007708000,0x0000700007808000)]

Other Threads:
  0x00007f94fd846800 VMThread [stack: 0x0000700007c17000,0x0000700007d17000] [id=11523]
  0x00007f94fd030800 WatcherThread [stack: 0x000070000842f000,0x000070000852f000] [id=19203]

VM state:not at safepoint (normal execution)

VM Mutex/Monitor currently owned by a thread: None

Heap:
 PSYoungGen      total 563712K, used 502007K [0x000000076ab00000, 0x000000079b780000, 0x00000007c0000000)
  eden space 506880K, 99% used [0x000000076ab00000,0x000000078953dc60,0x0000000789a00000)
  from space 56832K, 0% used [0x0000000789a00000,0x0000000789a00000,0x000000078d180000)
  to   space 53760K, 0% used [0x0000000798300000,0x0000000798300000,0x000000079b780000)
 ParOldGen       total 251904K, used 98443K [0x00000006c0000000, 0x00000006cf600000, 0x000000076ab00000)
  object space 251904K, 39% used [0x00000006c0000000,0x00000006c6022e08,0x00000006cf600000)
 Metaspace       used 49110K, capacity 49436K, committed 49880K, reserved 1091584K
  class space    used 7470K, capacity 7584K, committed 7640K, reserved 1048576K

Card table byte_map: [0x0000000103d62000,0x0000000104563000] byte_map_base: 0x0000000100762000

Marking Bits: (ParMarkBitMap*) 0x00000001032f0d30
 Begin Bits: [0x0000000104ab9000, 0x0000000108ab9000)
 End Bits:   [0x0000000108ab9000, 0x000000010cab9000)

Polling page: 0x00000001020c0000

CodeCache: size=245760Kb used=12005Kb max_used=12005Kb free=233754Kb
 bounds [0x0000000110339000, 0x0000000110f09000, 0x000000011f339000]
 total_blobs=3555 nmethods=3035 adapters=432
 compilation: enabled

Compilation events (10 events):
Event: 24.725 Thread 0x00007f94fd836000 3540       2       java.util.Calendar::checkDisplayNameParams (61 bytes)
Event: 24.725 Thread 0x00007f94fd836000 nmethod 3540 0x0000000110ec5e90 code [0x0000000110ec6020, 0x0000000110ec6318]
Event: 24.725 Thread 0x00007f94fd836000 3541       2       java.lang.ThreadLocal::set (30 bytes)
Event: 24.725 Thread 0x00007f94fd836000 nmethod 3541 0x0000000110ec59d0 code [0x0000000110ec5b60, 0x0000000110ec5d68]
Event: 24.725 Thread 0x00007f94fd836000 3546       2       java.text.FieldPosition$Delegate::formatted (54 bytes)
Event: 24.726 Thread 0x00007f94fd836000 nmethod 3546 0x0000000110ec5550 code [0x0000000110ec56c0, 0x0000000110ec58b0]
Event: 24.726 Thread 0x00007f94fd836000 3547       2       java.text.FieldPosition::access$200 (7 bytes)
Event: 24.726 Thread 0x00007f94fd836000 nmethod 3547 0x0000000110ec5190 code [0x0000000110ec52e0, 0x0000000110ec5470]
Event: 24.726 Thread 0x00007f94fd836000 3548       2       java.text.FieldPosition::matchesField (30 bytes)
Event: 24.726 Thread 0x00007f94fd836000 nmethod 3548 0x0000000110ec4dd0 code [0x0000000110ec4f40, 0x0000000110ec50f0]

GC Heap History (10 events):
Event: 12.276 GC heap before
{Heap before GC invocations=11 (full 3):
 PSYoungGen      total 219648K, used 219620K [0x000000076ab00000, 0x0000000782800000, 0x00000007c0000000)
  eden space 207360K, 100% used [0x000000076ab00000,0x0000000777580000,0x0000000777580000)
  from space 12288K, 99% used [0x0000000777580000,0x0000000778179258,0x0000000778180000)
  to   space 27136K, 0% used [0x0000000780d80000,0x0000000780d80000,0x0000000782800000)
 ParOldGen       total 117760K, used 33659K [0x00000006c0000000, 0x00000006c7300000, 0x000000076ab00000)
  object space 117760K, 28% used [0x00000006c0000000,0x00000006c20deea8,0x00000006c7300000)
 Metaspace       used 38108K, capacity 38350K, committed 38616K, reserved 1081344K
  class space    used 5688K, capacity 5787K, committed 5848K, reserved 1048576K
Event: 12.307 GC heap after
Heap after GC invocations=11 (full 3):
 PSYoungGen      total 356864K, used 27129K [0x000000076ab00000, 0x0000000783f00000, 0x00000007c0000000)
  eden space 329728K, 0% used [0x000000076ab00000,0x000000076ab00000,0x000000077ed00000)
  from space 27136K, 99% used [0x0000000780d80000,0x00000007827fe430,0x0000000782800000)
  to   space 33280K, 0% used [0x000000077ed00000,0x000000077ed00000,0x0000000780d80000)
 ParOldGen       total 117760K, used 36429K [0x00000006c0000000, 0x00000006c7300000, 0x000000076ab00000)
  object space 117760K, 30% used [0x00000006c0000000,0x00000006c23936c8,0x00000006c7300000)
 Metaspace       used 38108K, capacity 38350K, committed 38616K, reserved 1081344K
  class space    used 5688K, capacity 5787K, committed 5848K, reserved 1048576K
}
Event: 19.550 GC heap before
{Heap before GC invocations=12 (full 3):
 PSYoungGen      total 356864K, used 356857K [0x000000076ab00000, 0x0000000783f00000, 0x00000007c0000000)
  eden space 329728K, 100% used [0x000000076ab00000,0x000000077ed00000,0x000000077ed00000)
  from space 27136K, 99% used [0x0000000780d80000,0x00000007827fe430,0x0000000782800000)
  to   space 33280K, 0% used [0x000000077ed00000,0x000000077ed00000,0x0000000780d80000)
 ParOldGen       total 117760K, used 36429K [0x00000006c0000000, 0x00000006c7300000, 0x000000076ab00000)
  object space 117760K, 30% used [0x00000006c0000000,0x00000006c23936c8,0x00000006c7300000)
 Metaspace       used 40301K, capacity 40572K, committed 40920K, reserved 1083392K
  class space    used 5912K, capacity 6016K, committed 6104K, reserved 1048576K
Event: 19.584 GC heap after
Heap after GC invocations=12 (full 3):
 PSYoungGen      total 363008K, used 33276K [0x000000076ab00000, 0x0000000790900000, 0x00000007c0000000)
  eden space 329728K, 0% used [0x000000076ab00000,0x000000076ab00000,0x000000077ed00000)
  from space 33280K, 99% used [0x000000077ed00000,0x0000000780d7f088,0x0000000780d80000)
  to   space 41984K, 0% used [0x000000078e000000,0x000000078e000000,0x0000000790900000)
 ParOldGen       total 117760K, used 43491K [0x00000006c0000000, 0x00000006c7300000, 0x000000076ab00000)
  object space 117760K, 36% used [0x00000006c0000000,0x00000006c2a78fd8,0x00000006c7300000)
 Metaspace       used 40301K, capacity 40572K, committed 40920K, reserved 1083392K
  class space    used 5912K, capacity 6016K, committed 6104K, reserved 1048576K
}
Event: 20.192 GC heap before
{Heap before GC invocations=13 (full 3):
 PSYoungGen      total 363008K, used 363004K [0x000000076ab00000, 0x0000000790900000, 0x00000007c0000000)
  eden space 329728K, 100% used [0x000000076ab00000,0x000000077ed00000,0x000000077ed00000)
  from space 33280K, 99% used [0x000000077ed00000,0x0000000780d7f088,0x0000000780d80000)
  to   space 41984K, 0% used [0x000000078e000000,0x000000078e000000,0x0000000790900000)
 ParOldGen       total 117760K, used 43491K [0x00000006c0000000, 0x00000006c7300000, 0x000000076ab00000)
  object space 117760K, 36% used [0x00000006c0000000,0x00000006c2a78fd8,0x00000006c7300000)
 Metaspace       used 41212K, capacity 41500K, committed 41816K, reserved 1085440K
  class space    used 6035K, capacity 6112K, committed 6232K, reserved 1048576K
Event: 20.231 GC heap after
Heap after GC invocations=13 (full 3):
 PSYoungGen      total 521728K, used 41976K [0x000000076ab00000, 0x0000000790900000, 0x00000007c0000000)
  eden space 479744K, 0% used [0x000000076ab00000,0x000000076ab00000,0x0000000787f80000)
  from space 41984K, 99% used [0x000000078e000000,0x00000007908fe2c8,0x0000000790900000)
  to   space 56832K, 0% used [0x0000000789a00000,0x0000000789a00000,0x000000078d180000)
 ParOldGen       total 117760K, used 64060K [0x00000006c0000000, 0x00000006c7300000, 0x000000076ab00000)
  object space 117760K, 54% used [0x00000006c0000000,0x00000006c3e8f3d0,0x00000006c7300000)
 Metaspace       used 41212K, capacity 41500K, committed 41816K, reserved 1085440K
  class space    used 6035K, capacity 6112K, committed 6232K, reserved 1048576K
}
Event: 22.699 GC heap before
{Heap before GC invocations=14 (full 3):
 PSYoungGen      total 521728K, used 521720K [0x000000076ab00000, 0x0000000790900000, 0x00000007c0000000)
  eden space 479744K, 100% used [0x000000076ab00000,0x0000000787f80000,0x0000000787f80000)
  from space 41984K, 99% used [0x000000078e000000,0x00000007908fe2c8,0x0000000790900000)
  to   space 56832K, 0% used [0x0000000789a00000,0x0000000789a00000,0x000000078d180000)
 ParOldGen       total 117760K, used 64060K [0x00000006c0000000, 0x00000006c7300000, 0x000000076ab00000)
  object space 117760K, 54% used [0x00000006c0000000,0x00000006c3e8f3d0,0x00000006c7300000)
 Metaspace       used 44414K, capacity 44764K, committed 45272K, reserved 1087488K
  class space    used 6640K, capacity 6752K, committed 6872K, reserved 1048576K
Event: 22.737 GC heap after
Heap after GC invocations=14 (full 3):
 PSYoungGen      total 563712K, used 22945K [0x000000076ab00000, 0x000000079b780000, 0x00000007c0000000)
  eden space 506880K, 0% used [0x000000076ab00000,0x000000076ab00000,0x0000000789a00000)
  from space 56832K, 40% used [0x0000000789a00000,0x000000078b0687c8,0x000000078d180000)
  to   space 53760K, 0% used [0x0000000798300000,0x0000000798300000,0x000000079b780000)
 ParOldGen       total 117760K, used 104824K [0x00000006c0000000, 0x00000006c7300000, 0x000000076ab00000)
  object space 117760K, 89% used [0x00000006c0000000,0x00000006c665e388,0x00000006c7300000)
 Metaspace       used 44414K, capacity 44764K, committed 45272K, reserved 1087488K
  class space    used 6640K, capacity 6752K, committed 6872K, reserved 1048576K
}
Event: 22.737 GC heap before
{Heap before GC invocations=15 (full 4):
 PSYoungGen      total 563712K, used 22945K [0x000000076ab00000, 0x000000079b780000, 0x00000007c0000000)
  eden space 506880K, 0% used [0x000000076ab00000,0x000000076ab00000,0x0000000789a00000)
  from space 56832K, 40% used [0x0000000789a00000,0x000000078b0687c8,0x000000078d180000)
  to   space 53760K, 0% used [0x0000000798300000,0x0000000798300000,0x000000079b780000)
 ParOldGen       total 117760K, used 104824K [0x00000006c0000000, 0x00000006c7300000, 0x000000076ab00000)
  object space 117760K, 89% used [0x00000006c0000000,0x00000006c665e388,0x00000006c7300000)
 Metaspace       used 44414K, capacity 44764K, committed 45272K, reserved 1087488K
  class space    used 6640K, capacity 6752K, committed 6872K, reserved 1048576K
Event: 22.921 GC heap after
Heap after GC invocations=15 (full 4):
 PSYoungGen      total 563712K, used 0K [0x000000076ab00000, 0x000000079b780000, 0x00000007c0000000)
  eden space 506880K, 0% used [0x000000076ab00000,0x000000076ab00000,0x0000000789a00000)
  from space 56832K, 0% used [0x0000000789a00000,0x0000000789a00000,0x000000078d180000)
  to   space 53760K, 0% used [0x0000000798300000,0x0000000798300000,0x000000079b780000)
 ParOldGen       total 251904K, used 98443K [0x00000006c0000000, 0x00000006cf600000, 0x000000076ab00000)
  object space 251904K, 39% used [0x00000006c0000000,0x00000006c6022e08,0x00000006cf600000)
 Metaspace       used 44414K, capacity 44764K, committed 45272K, reserved 1087488K
  class space    used 6640K, capacity 6752K, committed 6872K, reserved 1048576K
}

Deoptimization events (10 events):
Event: 21.592 Thread 0x00007f94fc805000 Uncommon trap: reason=class_check action=maybe_recompile pc=0x0000000110d0ccd4 method=java.util.AbstractMap.equals(Ljava/lang/Object;)Z @ 28
Event: 21.592 Thread 0x00007f94fc805000 Uncommon trap: reason=class_check action=maybe_recompile pc=0x0000000110d0ccd4 method=java.util.AbstractMap.equals(Ljava/lang/Object;)Z @ 28
Event: 23.698 Thread 0x00007f94fc805000 Uncommon trap: reason=unstable_if action=reinterpret pc=0x000000011092d1a8 method=org.objectweb.asm.tree.MethodNode.accept(Lorg/objectweb/asm/MethodVisitor;)V @ 168
Event: 23.718 Thread 0x00007f94fc805000 Uncommon trap: reason=unstable_if action=reinterpret pc=0x0000000110d6f844 method=org.objectweb.asm.Type.getArgumentsAndReturnSizes(Ljava/lang/String;)I @ 100
Event: 23.721 Thread 0x00007f94fc805000 Uncommon trap: reason=unstable_if action=reinterpret pc=0x0000000110e04c8c method=org.objectweb.asm.Type.getArgumentsAndReturnSizes(Ljava/lang/String;)I @ 100
Event: 23.722 Thread 0x00007f94fc805000 Uncommon trap: reason=unstable_if action=reinterpret pc=0x0000000110e22568 method=org.objectweb.asm.Type.getArgumentsAndReturnSizes(Ljava/lang/String;)I @ 100
Event: 23.727 Thread 0x00007f94fc805000 Uncommon trap: reason=unstable_if action=reinterpret pc=0x00000001106178bc method=org.objectweb.asm.Type.getArgumentsAndReturnSizes(Ljava/lang/String;)I @ 100
Event: 24.011 Thread 0x00007f94fc805000 Uncommon trap: reason=unstable_if action=reinterpret pc=0x0000000110acc1b0 method=com.google.common.base.Splitter$SplittingIterator.computeNext()Ljava/lang/String; @ 193
Event: 24.011 Thread 0x00007f94fc805000 Uncommon trap: reason=unstable_if action=reinterpret pc=0x000000011047247c method=java.util.regex.Pattern$BmpCharProperty.match(Ljava/util/regex/Matcher;ILjava/lang/CharSequence;)Z @ 34
Event: 24.799 Thread 0x00007f94fc805000 Uncommon trap: reason=predicate action=maybe_recompile pc=0x000000011046eb6c method=java.lang.String.regionMatches(ZILjava/lang/String;II)Z @ 63

Internal exceptions (10 events):
Event: 24.669 Thread 0x00007f94fc805000 NullPointerException at vtable entry 0x000000011044dfd8
Event: 24.669 Thread 0x00007f94fc805000 Exception <a 'java/lang/NullPointerException'> (0x0000000787edf9b0) thrown at [/Users/java_re/workspace/8-2-build-macosx-x86_64/jdk8u121/8372/hotspot/src/share/vm/runtime/sharedRuntime.cpp, line 605]
Event: 24.678 Thread 0x00007f94fc805000 NullPointerException at vtable entry 0x000000011044dfd8
Event: 24.678 Thread 0x00007f94fc805000 Exception <a 'java/lang/NullPointerException'> (0x0000000788066038) thrown at [/Users/java_re/workspace/8-2-build-macosx-x86_64/jdk8u121/8372/hotspot/src/share/vm/runtime/sharedRuntime.cpp, line 605]
Event: 24.681 Thread 0x00007f94fc805000 NullPointerException at vtable entry 0x000000011044dfd8
Event: 24.681 Thread 0x00007f94fc805000 Exception <a 'java/lang/NullPointerException'> (0x00000007880e2720) thrown at [/Users/java_re/workspace/8-2-build-macosx-x86_64/jdk8u121/8372/hotspot/src/share/vm/runtime/sharedRuntime.cpp, line 605]
Event: 24.700 Thread 0x00007f94fc805000 NullPointerException at vtable entry 0x000000011044dfd8
Event: 24.700 Thread 0x00007f94fc805000 Exception <a 'java/lang/NullPointerException'> (0x00000007883562d0) thrown at [/Users/java_re/workspace/8-2-build-macosx-x86_64/jdk8u121/8372/hotspot/src/share/vm/runtime/sharedRuntime.cpp, line 605]
Event: 24.716 Thread 0x00007f94fc805000 NullPointerException at vtable entry 0x000000011044dfd8
Event: 24.716 Thread 0x00007f94fc805000 Exception <a 'java/lang/NullPointerException'> (0x00000007884f2b98) thrown at [/Users/java_re/workspace/8-2-build-macosx-x86_64/jdk8u121/8372/hotspot/src/share/vm/runtime/sharedRuntime.cpp, line 605]

Events (10 events):
Event: 24.813 loading class org/lwjgl/input/OpenGLPackageAccess$1
Event: 24.813 loading class org/lwjgl/input/OpenGLPackageAccess$1 done
Event: 24.815 loading class org/lwjgl/input/OpenGLPackageAccess$2
Event: 24.815 loading class org/lwjgl/input/OpenGLPackageAccess$2 done
Event: 24.818 loading class org/lwjgl/opengles/ContextAttribs
Event: 24.818 loading class org/lwjgl/opengles/ContextAttribs done
Event: 24.819 loading class org/lwjgl/opengl/ContextAttribs
Event: 24.819 loading class org/lwjgl/opengl/ContextAttribs done
Event: 24.824 loading class org/lwjgl/opengl/MacOSXNativeMouse
Event: 24.824 loading class org/lwjgl/opengl/MacOSXNativeMouse done


Dynamic libraries:
0x000000000640d000 	/System/Library/Frameworks/Cocoa.framework/Versions/A/Cocoa
0x000000000640d000 	/System/Library/Frameworks/Security.framework/Versions/A/Security
0x000000000640d000 	/System/Library/Frameworks/ApplicationServices.framework/Versions/A/ApplicationServices
0x000000000640d000 	/usr/lib/libz.1.dylib
0x000000000640d000 	/usr/lib/libSystem.B.dylib
0x000000000640d000 	/usr/lib/libobjc.A.dylib
0x000000000640d000 	/System/Library/Frameworks/CoreFoundation.framework/Versions/A/CoreFoundation
0x000000000640d000 	/System/Library/Frameworks/Foundation.framework/Versions/C/Foundation
0x000000000640d000 	/System/Library/Frameworks/AppKit.framework/Versions/C/AppKit
0x000000000640d000 	/System/Library/Frameworks/CoreData.framework/Versions/A/CoreData
0x000000000640d000 	/System/Library/PrivateFrameworks/RemoteViewServices.framework/Versions/A/RemoteViewServices
0x000000000640d000 	/System/Library/PrivateFrameworks/UIFoundation.framework/Versions/A/UIFoundation
0x000000000640d000 	/System/Library/PrivateFrameworks/DFRFoundation.framework/Versions/A/DFRFoundation
0x000000000640d000 	/usr/lib/libenergytrace.dylib
0x000000000640d000 	/System/Library/PrivateFrameworks/SkyLight.framework/Versions/A/SkyLight
0x000000000640d000 	/System/Library/Frameworks/CoreGraphics.framework/Versions/A/CoreGraphics
0x000000000640d000 	/usr/lib/libScreenReader.dylib
0x000000000640d000 	/System/Library/Frameworks/Accelerate.framework/Versions/A/Accelerate
0x000000000640d000 	/System/Library/Frameworks/IOSurface.framework/Versions/A/IOSurface
0x000000000640d000 	/System/Library/Frameworks/AudioToolbox.framework/Versions/A/AudioToolbox
0x000000000640d000 	/System/Library/Frameworks/AudioUnit.framework/Versions/A/AudioUnit
0x000000000640d000 	/System/Library/PrivateFrameworks/DataDetectorsCore.framework/Versions/A/DataDetectorsCore
0x000000000640d000 	/System/Library/PrivateFrameworks/DesktopServicesPriv.framework/Versions/A/DesktopServicesPriv
0x000000000640d000 	/System/Library/Frameworks/Carbon.framework/Versions/A/Frameworks/HIToolbox.framework/Versions/A/HIToolbox
0x000000000640d000 	/usr/lib/libicucore.A.dylib
0x000000000640d000 	/System/Library/Frameworks/QuartzCore.framework/Versions/A/QuartzCore
0x000000000640d000 	/System/Library/Frameworks/Carbon.framework/Versions/A/Frameworks/SpeechRecognition.framework/Versions/A/SpeechRecognition
0x000000000640d000 	/usr/lib/libauto.dylib
0x000000000640d000 	/usr/lib/libxml2.2.dylib
0x000000000640d000 	/System/Library/PrivateFrameworks/CoreUI.framework/Versions/A/CoreUI
0x000000000640d000 	/System/Library/Frameworks/CoreAudio.framework/Versions/A/CoreAudio
0x000000000640d000 	/System/Library/Frameworks/DiskArbitration.framework/Versions/A/DiskArbitration
0x000000000640d000 	/usr/lib/liblangid.dylib
0x000000000640d000 	/System/Library/PrivateFrameworks/MultitouchSupport.framework/Versions/A/MultitouchSupport
0x000000000640d000 	/System/Library/Frameworks/IOKit.framework/Versions/A/IOKit
0x000000000640d000 	/usr/lib/libDiagnosticMessagesClient.dylib
0x000000000640d000 	/System/Library/Frameworks/CoreServices.framework/Versions/A/CoreServices
0x000000000640d000 	/System/Library/PrivateFrameworks/PerformanceAnalysis.framework/Versions/A/PerformanceAnalysis
0x000000000640d000 	/System/Library/PrivateFrameworks/GenerationalStorage.framework/Versions/A/GenerationalStorage
0x000000000640d000 	/System/Library/Frameworks/OpenGL.framework/Versions/A/OpenGL
0x000000000640d000 	/System/Library/Frameworks/CoreImage.framework/Versions/A/CoreImage
0x000000000640d000 	/System/Library/Frameworks/CoreText.framework/Versions/A/CoreText
0x000000000640d000 	/System/Library/Frameworks/ImageIO.framework/Versions/A/ImageIO
0x000000000640d000 	/System/Library/PrivateFrameworks/Backup.framework/Versions/A/Backup
0x000000000640d000 	/usr/lib/libarchive.2.dylib
0x000000000640d000 	/System/Library/Frameworks/CFNetwork.framework/Versions/A/CFNetwork
0x000000000640d000 	/System/Library/Frameworks/SystemConfiguration.framework/Versions/A/SystemConfiguration
0x000000000640d000 	/usr/lib/libCRFSuite.dylib
0x000000000640d000 	/usr/lib/libc++.1.dylib
0x000000000640d000 	/usr/lib/libc++abi.dylib
0x000000000640d000 	/usr/lib/system/libcache.dylib
0x000000000640d000 	/usr/lib/system/libcommonCrypto.dylib
0x000000000640d000 	/usr/lib/system/libcompiler_rt.dylib
0x000000000640d000 	/usr/lib/system/libcopyfile.dylib
0x000000000640d000 	/usr/lib/system/libcorecrypto.dylib
0x000000000640d000 	/usr/lib/system/libdispatch.dylib
0x000000000640d000 	/usr/lib/system/libdyld.dylib
0x000000000640d000 	/usr/lib/system/libkeymgr.dylib
0x000000000640d000 	/usr/lib/system/liblaunch.dylib
0x000000000640d000 	/usr/lib/system/libmacho.dylib
0x000000000640d000 	/usr/lib/system/libquarantine.dylib
0x000000000640d000 	/usr/lib/system/libremovefile.dylib
0x000000000640d000 	/usr/lib/system/libsystem_asl.dylib
0x000000000640d000 	/usr/lib/system/libsystem_blocks.dylib
0x000000000640d000 	/usr/lib/system/libsystem_c.dylib
0x000000000640d000 	/usr/lib/system/libsystem_configuration.dylib
0x000000000640d000 	/usr/lib/system/libsystem_coreservices.dylib
0x000000000640d000 	/usr/lib/system/libsystem_coretls.dylib
0x000000000640d000 	/usr/lib/system/libsystem_dnssd.dylib
0x000000000640d000 	/usr/lib/system/libsystem_info.dylib
0x000000000640d000 	/usr/lib/system/libsystem_kernel.dylib
0x000000000640d000 	/usr/lib/system/libsystem_m.dylib
0x000000000640d000 	/usr/lib/system/libsystem_malloc.dylib
0x000000000640d000 	/usr/lib/system/libsystem_network.dylib
0x000000000640d000 	/usr/lib/system/libsystem_networkextension.dylib
0x000000000640d000 	/usr/lib/system/libsystem_notify.dylib
0x000000000640d000 	/usr/lib/system/libsystem_platform.dylib
0x000000000640d000 	/usr/lib/system/libsystem_pthread.dylib
0x000000000640d000 	/usr/lib/system/libsystem_sandbox.dylib
0x000000000640d000 	/usr/lib/system/libsystem_secinit.dylib
0x000000000640d000 	/usr/lib/system/libsystem_symptoms.dylib
0x000000000640d000 	/usr/lib/system/libsystem_trace.dylib
0x000000000640d000 	/usr/lib/system/libunwind.dylib
0x000000000640d000 	/usr/lib/system/libxpc.dylib
0x000000000640d000 	/usr/lib/libbsm.0.dylib
0x000000000640d000 	/usr/lib/system/libkxld.dylib
0x000000000640d000 	/usr/lib/libcoretls.dylib
0x000000000640d000 	/usr/lib/libcoretls_cfhelpers.dylib
0x000000000640d000 	/usr/lib/libxar.1.dylib
0x000000000640d000 	/usr/lib/libsqlite3.dylib
0x000000000640d000 	/usr/lib/libpam.2.dylib
0x000000000640d000 	/usr/lib/libOpenScriptingUtil.dylib
0x000000000640d000 	/usr/lib/libbz2.1.0.dylib
0x000000000640d000 	/usr/lib/liblzma.5.dylib
0x000000000640d000 	/usr/lib/libnetwork.dylib
0x000000000640d000 	/usr/lib/libpcap.A.dylib
0x000000000640d000 	/System/Library/Frameworks/CoreServices.framework/Versions/A/Frameworks/FSEvents.framework/Versions/A/FSEvents
0x000000000640d000 	/System/Library/Frameworks/CoreServices.framework/Versions/A/Frameworks/CarbonCore.framework/Versions/A/CarbonCore
0x000000000640d000 	/System/Library/Frameworks/CoreServices.framework/Versions/A/Frameworks/Metadata.framework/Versions/A/Metadata
0x000000000640d000 	/System/Library/Frameworks/CoreServices.framework/Versions/A/Frameworks/OSServices.framework/Versions/A/OSServices
0x000000000640d000 	/System/Library/Frameworks/CoreServices.framework/Versions/A/Frameworks/SearchKit.framework/Versions/A/SearchKit
0x000000000640d000 	/System/Library/Frameworks/CoreServices.framework/Versions/A/Frameworks/AE.framework/Versions/A/AE
0x000000000640d000 	/System/Library/Frameworks/CoreServices.framework/Versions/A/Frameworks/LaunchServices.framework/Versions/A/LaunchServices
0x000000000640d000 	/System/Library/Frameworks/CoreServices.framework/Versions/A/Frameworks/DictionaryServices.framework/Versions/A/DictionaryServices
0x000000000640d000 	/System/Library/Frameworks/CoreServices.framework/Versions/A/Frameworks/SharedFileList.framework/Versions/A/SharedFileList
0x000000000640d000 	/System/Library/Frameworks/NetFS.framework/Versions/A/NetFS
0x000000000640d000 	/System/Library/PrivateFrameworks/NetAuth.framework/Versions/A/NetAuth
0x000000000640d000 	/System/Library/PrivateFrameworks/login.framework/Versions/A/Frameworks/loginsupport.framework/Versions/A/loginsupport
0x000000000640d000 	/System/Library/PrivateFrameworks/TCC.framework/Versions/A/TCC
0x000000000640d000 	/usr/lib/libmecabra.dylib
0x000000000640d000 	/System/Library/Frameworks/ApplicationServices.framework/Versions/A/Frameworks/ATS.framework/Versions/A/ATS
0x000000000640d000 	/System/Library/Frameworks/ApplicationServices.framework/Versions/A/Frameworks/ColorSync.framework/Versions/A/ColorSync
0x000000000640d000 	/System/Library/Frameworks/ApplicationServices.framework/Versions/A/Frameworks/HIServices.framework/Versions/A/HIServices
0x000000000640d000 	/System/Library/Frameworks/ApplicationServices.framework/Versions/A/Frameworks/LangAnalysis.framework/Versions/A/LangAnalysis
0x000000000640d000 	/System/Library/Frameworks/ApplicationServices.framework/Versions/A/Frameworks/PrintCore.framework/Versions/A/PrintCore
0x000000000640d000 	/System/Library/Frameworks/ApplicationServices.framework/Versions/A/Frameworks/QD.framework/Versions/A/QD
0x000000000640d000 	/System/Library/Frameworks/ApplicationServices.framework/Versions/A/Frameworks/SpeechSynthesis.framework/Versions/A/SpeechSynthesis
0x000000000640d000 	/System/Library/Frameworks/Accelerate.framework/Versions/A/Frameworks/vImage.framework/Versions/A/vImage
0x000000000640d000 	/System/Library/Frameworks/Accelerate.framework/Versions/A/Frameworks/vecLib.framework/Versions/A/vecLib
0x000000000640d000 	/System/Library/Frameworks/Accelerate.framework/Versions/A/Frameworks/vecLib.framework/Versions/A/libvDSP.dylib
0x000000000640d000 	/System/Library/Frameworks/Accelerate.framework/Versions/A/Frameworks/vecLib.framework/Versions/A/libBNNS.dylib
0x000000000640d000 	/System/Library/Frameworks/Accelerate.framework/Versions/A/Frameworks/vecLib.framework/Versions/A/libQuadrature.dylib
0x000000000640d000 	/System/Library/Frameworks/Accelerate.framework/Versions/A/Frameworks/vecLib.framework/Versions/A/libvMisc.dylib
0x000000000640d000 	/System/Library/Frameworks/Accelerate.framework/Versions/A/Frameworks/vecLib.framework/Versions/A/libLAPACK.dylib
0x000000000640d000 	/System/Library/Frameworks/Accelerate.framework/Versions/A/Frameworks/vecLib.framework/Versions/A/libBLAS.dylib
0x000000000640d000 	/System/Library/Frameworks/Accelerate.framework/Versions/A/Frameworks/vecLib.framework/Versions/A/libLinearAlgebra.dylib
0x000000000640d000 	/System/Library/Frameworks/Accelerate.framework/Versions/A/Frameworks/vecLib.framework/Versions/A/libSparseBLAS.dylib
0x000000000640d000 	/System/Library/Frameworks/ApplicationServices.framework/Versions/A/Frameworks/ATS.framework/Versions/A/Resources/libFontParser.dylib
0x000000000640d000 	/System/Library/Frameworks/ApplicationServices.framework/Versions/A/Frameworks/ATS.framework/Versions/A/Resources/libFontRegistry.dylib
0x000000000640d000 	/System/Library/Frameworks/ImageIO.framework/Versions/A/Resources/libJPEG.dylib
0x000000000640d000 	/System/Library/Frameworks/ImageIO.framework/Versions/A/Resources/libTIFF.dylib
0x000000000640d000 	/System/Library/Frameworks/ImageIO.framework/Versions/A/Resources/libPng.dylib
0x000000000640d000 	/System/Library/Frameworks/ImageIO.framework/Versions/A/Resources/libGIF.dylib
0x000000000640d000 	/System/Library/Frameworks/ImageIO.framework/Versions/A/Resources/libJP2.dylib
0x000000000640d000 	/System/Library/Frameworks/ImageIO.framework/Versions/A/Resources/libRadiance.dylib
0x000000000640d000 	/usr/lib/libcompression.dylib
0x000000000640d000 	/System/Library/PrivateFrameworks/AppleJPEG.framework/Versions/A/AppleJPEG
0x000000000640d000 	/usr/lib/libcups.2.dylib
0x000000000640d000 	/System/Library/Frameworks/Kerberos.framework/Versions/A/Kerberos
0x000000000640d000 	/System/Library/Frameworks/GSS.framework/Versions/A/GSS
0x000000000640d000 	/usr/lib/libresolv.9.dylib
0x000000000640d000 	/usr/lib/libiconv.2.dylib
0x000000000640d000 	/System/Library/PrivateFrameworks/Heimdal.framework/Versions/A/Heimdal
0x000000000640d000 	/usr/lib/libheimdal-asn1.dylib
0x000000000640d000 	/System/Library/Frameworks/OpenDirectory.framework/Versions/A/OpenDirectory
0x000000000640d000 	/System/Library/PrivateFrameworks/CommonAuth.framework/Versions/A/CommonAuth
0x000000000640d000 	/System/Library/Frameworks/OpenDirectory.framework/Versions/A/Frameworks/CFOpenDirectory.framework/Versions/A/CFOpenDirectory
0x000000000640d000 	/System/Library/Frameworks/SecurityFoundation.framework/Versions/A/SecurityFoundation
0x000000000640d000 	/System/Library/PrivateFrameworks/LanguageModeling.framework/Versions/A/LanguageModeling
0x000000000640d000 	/usr/lib/libmarisa.dylib
0x000000000640d000 	/usr/lib/libChineseTokenizer.dylib
0x000000000640d000 	/usr/lib/libcmph.dylib
0x000000000640d000 	/System/Library/PrivateFrameworks/CoreEmoji.framework/Versions/A/CoreEmoji
0x000000000640d000 	/System/Library/Frameworks/ServiceManagement.framework/Versions/A/ServiceManagement
0x000000000640d000 	/usr/lib/libxslt.1.dylib
0x000000000640d000 	/System/Library/Frameworks/Carbon.framework/Versions/A/Frameworks/Ink.framework/Versions/A/Ink
0x000000000640d000 	/System/Library/PrivateFrameworks/TextureIO.framework/Versions/A/TextureIO
0x000000000640d000 	/System/Library/Frameworks/Metal.framework/Versions/A/Metal
0x000000000640d000 	/usr/lib/libate.dylib
0x000000000640d000 	/System/Library/PrivateFrameworks/GPUCompiler.framework/libmetal_timestamp.dylib
0x000000000640d000 	/System/Library/Frameworks/OpenGL.framework/Versions/A/Libraries/libCoreFSCache.dylib
0x000000000640d000 	/System/Library/PrivateFrameworks/IOAccelerator.framework/Versions/A/IOAccelerator
0x000000000640d000 	/System/Library/Frameworks/CoreVideo.framework/Versions/A/CoreVideo
0x000000000640d000 	/usr/lib/libFosl_dynamic.dylib
0x000000000640d000 	/System/Library/PrivateFrameworks/MetalPerformanceShaders.framework/Versions/A/MetalPerformanceShaders
0x000000000640d000 	/System/Library/PrivateFrameworks/FaceCore.framework/Versions/A/FaceCore
0x000000000640d000 	/System/Library/Frameworks/OpenCL.framework/Versions/A/OpenCL
0x000000000640d000 	/System/Library/Frameworks/OpenGL.framework/Versions/A/Libraries/libGLU.dylib
0x000000000640d000 	/System/Library/Frameworks/OpenGL.framework/Versions/A/Libraries/libGFXShared.dylib
0x000000000640d000 	/System/Library/Frameworks/OpenGL.framework/Versions/A/Libraries/libGL.dylib
0x000000000640d000 	/System/Library/Frameworks/OpenGL.framework/Versions/A/Libraries/libGLImage.dylib
0x000000000640d000 	/System/Library/Frameworks/OpenGL.framework/Versions/A/Libraries/libCVMSPluginSupport.dylib
0x000000000640d000 	/System/Library/Frameworks/OpenGL.framework/Versions/A/Libraries/libCoreVMClient.dylib
0x000000000640d000 	/System/Library/PrivateFrameworks/CrashReporterSupport.framework/Versions/A/CrashReporterSupport
0x000000000640d000 	/System/Library/PrivateFrameworks/Sharing.framework/Versions/A/Sharing
0x000000000640d000 	/System/Library/PrivateFrameworks/IconServices.framework/Versions/A/IconServices
0x000000000640d000 	/System/Library/PrivateFrameworks/ProtocolBuffer.framework/Versions/A/ProtocolBuffer
0x000000000640d000 	/System/Library/PrivateFrameworks/Apple80211.framework/Versions/A/Apple80211
0x000000000640d000 	/System/Library/Frameworks/CoreWLAN.framework/Versions/A/CoreWLAN
0x000000000640d000 	/System/Library/PrivateFrameworks/CoreUtils.framework/Versions/A/CoreUtils
0x000000000640d000 	/System/Library/Frameworks/IOBluetooth.framework/Versions/A/IOBluetooth
0x000000000640d000 	/System/Library/PrivateFrameworks/CoreWiFi.framework/Versions/A/CoreWiFi
0x000000000640d000 	/System/Library/Frameworks/CoreBluetooth.framework/Versions/A/CoreBluetooth
0x000000000640d000 	/System/Library/Frameworks/CoreDisplay.framework/Versions/A/CoreDisplay
0x000000000640d000 	/System/Library/PrivateFrameworks/IOPresentment.framework/Versions/A/IOPresentment
0x000000000640d000 	/System/Library/PrivateFrameworks/DebugSymbols.framework/Versions/A/DebugSymbols
0x000000000640d000 	/System/Library/PrivateFrameworks/CoreSymbolication.framework/Versions/A/CoreSymbolication
0x000000000640d000 	/System/Library/PrivateFrameworks/Symbolication.framework/Versions/A/Symbolication
0x000000000640d000 	/System/Library/PrivateFrameworks/AppleFSCompression.framework/Versions/A/AppleFSCompression
0x000000000640d000 	/System/Library/PrivateFrameworks/SpeechRecognitionCore.framework/Versions/A/SpeechRecognitionCore
0x000000000640d000 	/System/Library/PrivateFrameworks/ChunkingLibrary.framework/Versions/A/ChunkingLibrary
0x0000000102a00000 	/Library/Java/JavaVirtualMachines/jdk1.8.0_121.jdk/Contents/Home/jre/lib/server/libjvm.dylib
0x000000000640d000 	/usr/lib/libstdc++.6.dylib
0x000000010207d000 	/Library/Java/JavaVirtualMachines/jdk1.8.0_121.jdk/Contents/Home/jre/lib/libverify.dylib
0x000000010208b000 	/Library/Java/JavaVirtualMachines/jdk1.8.0_121.jdk/Contents/Home/jre/lib/libjava.dylib
0x00000001020ca000 	/Library/Java/JavaVirtualMachines/jdk1.8.0_121.jdk/Contents/Home/jre/lib/libzip.dylib
0x000000010ecb4000 	/System/Library/Frameworks/JavaVM.framework/Frameworks/JavaRuntimeSupport.framework/JavaRuntimeSupport
0x000000010ecce000 	/System/Library/Frameworks/JavaVM.framework/Versions/A/Frameworks/JavaNativeFoundation.framework/Versions/A/JavaNativeFoundation
0x000000010ece3000 	/System/Library/Frameworks/JavaVM.framework/Versions/A/JavaVM
0x000000000640d000 	/System/Library/Frameworks/Carbon.framework/Versions/A/Carbon
0x000000010ecf0000 	/System/Library/PrivateFrameworks/JavaLaunching.framework/Versions/A/JavaLaunching
0x000000000640d000 	/System/Library/Frameworks/Carbon.framework/Versions/A/Frameworks/CommonPanels.framework/Versions/A/CommonPanels
0x000000000640d000 	/System/Library/Frameworks/Carbon.framework/Versions/A/Frameworks/Help.framework/Versions/A/Help
0x000000000640d000 	/System/Library/Frameworks/Carbon.framework/Versions/A/Frameworks/ImageCapture.framework/Versions/A/ImageCapture
0x000000000640d000 	/System/Library/Frameworks/Carbon.framework/Versions/A/Frameworks/OpenScripting.framework/Versions/A/OpenScripting
0x000000000640d000 	/System/Library/Frameworks/Carbon.framework/Versions/A/Frameworks/Print.framework/Versions/A/Print
0x000000000640d000 	/System/Library/Frameworks/Carbon.framework/Versions/A/Frameworks/SecurityHI.framework/Versions/A/SecurityHI
0x000000010f1c1000 	/Library/Java/JavaVirtualMachines/jdk1.8.0_121.jdk/Contents/Home/jre/lib/libmanagement.dylib
0x000000010f1cf000 	/Library/Java/JavaVirtualMachines/jdk1.8.0_121.jdk/Contents/Home/jre/lib/libnet.dylib
0x000000010f22e000 	/Library/Java/JavaVirtualMachines/jdk1.8.0_121.jdk/Contents/Home/jre/lib/libnio.dylib
0x000000010f247000 	/Library/Java/JavaVirtualMachines/jdk1.8.0_121.jdk/Contents/Home/jre/lib/libsunec.dylib
0x000000010fb23000 	/Library/Java/JavaVirtualMachines/jdk1.8.0_121.jdk/Contents/Home/jre/lib/libawt.dylib
0x00000001210fc000 	/Library/Java/JavaVirtualMachines/jdk1.8.0_121.jdk/Contents/Home/jre/lib/./libmlib_image.dylib
0x0000000120f20000 	/Library/Java/JavaVirtualMachines/jdk1.8.0_121.jdk/Contents/Home/jre/lib/libawt_lwawt.dylib
0x000000010f27a000 	/Library/Java/JavaVirtualMachines/jdk1.8.0_121.jdk/Contents/Home/jre/lib/./libosxapp.dylib
0x000000000640d000 	/System/Library/Frameworks/ExceptionHandling.framework/Versions/A/ExceptionHandling
0x000000000640d000 	/System/Library/PrivateFrameworks/CoreServicesInternal.framework/Versions/A/CoreServicesInternal
0x000000000640d000 	/System/Library/CoreServices/RawCamera.bundle/Contents/MacOS/RawCamera
0x000000000640d000 	/System/Library/Frameworks/Accelerate.framework/Versions/A/Frameworks/vImage.framework/Versions/A/Libraries/libCGInterfaces.dylib
0x00000001251a1000 	/System/Library/Frameworks/OpenGL.framework/Resources/GLEngine.bundle/GLEngine
0x0000000125385000 	/System/Library/Frameworks/OpenGL.framework/Versions/A/Libraries/libGLProgrammability.dylib
0x00000001257b3000 	/System/Library/Extensions/AppleIntelBDWGraphicsGLDriver.bundle/Contents/MacOS/AppleIntelBDWGraphicsGLDriver
0x000000000640d000 	/System/Library/PrivateFrameworks/GPUSupport.framework/Versions/A/Libraries/libGPUSupportMercury.dylib
0x000000011025a000 	/System/Library/Frameworks/OpenGL.framework/Resources//GLRendererFloat.bundle/GLRendererFloat
0x000000000640d000 	/System/Library/Frameworks/OpenCL.framework/Versions/A/Libraries/libcldcpuengine.dylib
0x000000000640d000 	/usr/lib/libcrypto.0.9.8.dylib
0x000000000640d000 	/System/Library/PrivateFrameworks/TrustEvaluationAgent.framework/Versions/A/TrustEvaluationAgent
0x0000000125f0f000 	/System/Library/Extensions/AppleIntelBDWGraphicsMTLDriver.bundle/Contents/MacOS/AppleIntelBDWGraphicsMTLDriver
0x000000000640d000 	/System/Library/PrivateFrameworks/FamilyControls.framework/Versions/A/FamilyControls
0x000000000640d000 	/System/Library/PrivateFrameworks/CommerceKit.framework/Versions/A/Frameworks/CommerceCore.framework/Versions/A/CommerceCore
0x000000000640d000 	/System/Library/PrivateFrameworks/SystemAdministration.framework/Versions/A/SystemAdministration
0x000000000640d000 	/System/Library/PrivateFrameworks/AppContainer.framework/Versions/A/AppContainer
0x000000000640d000 	/System/Library/PrivateFrameworks/SecCodeWrapper.framework/Versions/A/SecCodeWrapper
0x000000000640d000 	/System/Library/Frameworks/DirectoryService.framework/Versions/A/DirectoryService
0x000000000640d000 	/System/Library/PrivateFrameworks/DiskImages.framework/Versions/A/DiskImages
0x000000000640d000 	/System/Library/PrivateFrameworks/LoginUIKit.framework/Versions/A/Frameworks/LoginUICore.framework/Versions/A/LoginUICore
0x000000000640d000 	/usr/lib/libCoreStorage.dylib
0x000000000640d000 	/usr/lib/libcsfde.dylib
0x000000000640d000 	/usr/lib/libodfde.dylib
0x000000000640d000 	/System/Library/Frameworks/DiscRecording.framework/Versions/A/DiscRecording
0x000000000640d000 	/usr/lib/libcurl.4.dylib
0x000000000640d000 	/System/Library/PrivateFrameworks/MediaKit.framework/Versions/A/MediaKit
0x000000000640d000 	/System/Library/PrivateFrameworks/ProtectedCloudStorage.framework/Versions/A/ProtectedCloudStorage
0x000000000640d000 	/System/Library/PrivateFrameworks/EFILogin.framework/Versions/A/EFILogin
0x000000000640d000 	/usr/lib/libutil.dylib
0x000000000640d000 	/System/Library/Frameworks/LDAP.framework/Versions/A/LDAP
0x000000000640d000 	/usr/lib/libsasl2.2.dylib
0x000000000640d000 	/System/Library/PrivateFrameworks/CoreDaemon.framework/Versions/B/CoreDaemon
0x000000000640d000 	/System/Library/PrivateFrameworks/AppleSRP.framework/Versions/A/AppleSRP
0x000000000640d000 	/System/Library/PrivateFrameworks/APFS.framework/Versions/A/APFS
0x0000000122785000 	/Library/Java/JavaVirtualMachines/jdk1.8.0_121.jdk/Contents/Home/jre/lib/libfontmanager.dylib
0x0000000123bff000 	/Users/jayavery/.gradle/caches/minecraft/net/minecraft/natives/1.11/liblwjgl.dylib
0x000000010f713000 	/Library/Java/JavaVirtualMachines/jdk1.8.0_121.jdk/Contents/Home/jre/lib/libjawt.dylib
0x000000000640d000 	/System/Library/PrivateFrameworks/ViewBridge.framework/Versions/A/ViewBridge
0x000000000640d000 	/System/Library/PrivateFrameworks/XPCService.framework/Versions/A/XPCService
0x000000000640d000 	/System/Library/PrivateFrameworks/AppSandbox.framework/Versions/A/AppSandbox
0x000000000640d000 	/usr/lib/libsandbox.1.dylib
0x000000000640d000 	/usr/lib/libMatch.1.dylib

VM Arguments:
jvm_args: -Dfile.encoding=UTF-8 
java_command: GradleStart --username=a.j.rowe@outlook.com --password=mgGerb!94
java_class_path (initial): /Users/jayavery/Documents/Me/Minecraft/Modding/jjmod/jjmod/bin:/Users/jayavery/Documents/Me/Minecraft/Modding/Forge 1.11 13.19.1.2189/bin:/Users/jayavery/.gradle/caches/modules-2/files-2.1/com.google.code.findbugs/jsr305/3.0.1/f7be08ec23c21485b9b5a1cf1654c2ec8c58168d/jsr305-3.0.1.jar:/Users/jayavery/.gradle/caches/modules-2/files-2.1/com.mojang/netty/1.6/4b75825a06139752bd800d9e29c5fd55b8b1b1e4/netty-1.6.jar:/Users/jayavery/.gradle/caches/modules-2/files-2.1/oshi-project/oshi-core/1.1/9ddf7b048a8d701be231c0f4f95fd986198fd2d8/oshi-core-1.1.jar:/Users/jayavery/.gradle/caches/modules-2/files-2.1/net.java.dev.jna/jna/3.4.0/803ff252fedbd395baffd43b37341dc4a150a554/jna-3.4.0.jar:/Users/jayavery/.gradle/caches/modules-2/files-2.1/net.java.dev.jna/platform/3.4.0/e3f70017be8100d3d6923f50b3d2ee17714e9c13/platform-3.4.0.jar:/Users/jayavery/.gradle/caches/modules-2/files-2.1/com.ibm.icu/icu4j-core-mojang/51.2/63d216a9311cca6be337c1e458e587f99d382b84/icu4j-core-mojang-51.2.jar:/Users/jayavery/.gradle/caches/modules-2/files-2.1/net.sf.jopt-simple/jopt-simple/4.6/306816fb57cf94f108a43c95731b08934dcae15c/jopt-simple-4.6.jar:/Users/jayavery/.gradle/caches/modules-2/files-2.1/io.netty/netty-all/4.0.23.Final/294104aaf1781d6a56a07d561e792c5d0c95f45/netty-all-4.0.23.Final.jar:/Users/jayavery/.gradle/caches/modules-2/files-2.1/com.google.guava/guava/17.0/9c6ef172e8de35fd8d4d8783e4821e57cdef7445/guava-17.0.jar:/Users/jayavery/.gradle/caches/modules-2/files-2.1/org.apache.commons/commons-lang3/3.3.2/90a3822c38ec8c996e84c16a3477ef632cbc87a3/commons-lang3-3.3.2.jar:/Users/jayavery/.gradle/caches/modules-2/files-2.1/commons-io/commons-io/2.4/b1b6ea3b7e4aa4f492509a4952029cd8e48019ad/commons-io-2.4.jar:/Users/jayavery/.gradle/caches/modules-2/files-2.1/commons-codec/commons-codec/1.9/9ce04e34240f674bc72680f8b843b1457383161a/commons-codec-1.9.jar:/Users/jayavery/.gradle/caches/modules-2/files-2.1/net.java.jutils/jutils/1.0.0/e12fe1fda814bd348c1579329c86943d2cd3c6a6/j
Launcher Type: SUN_STANDARD

Environment Variables:
PATH=/usr/bin:/bin:/usr/sbin:/sbin
SHELL=/bin/bash
DISPLAY=/private/tmp/com.apple.launchd.kSh4hzlGfw/org.macosforge.xquartz:0

Signal Handlers:
SIGSEGV: [libjvm.dylib+0x5b1141], sa_mask[0]=11111111011111110111111111111111, sa_flags=SA_ONSTACK|SA_RESTART|SA_SIGINFO
SIGBUS: [libjvm.dylib+0x5b1141], sa_mask[0]=11111111011111110111111111111111, sa_flags=SA_RESTART|SA_SIGINFO
SIGFPE: [libjvm.dylib+0x487bc4], sa_mask[0]=11111111011111110111111111111111, sa_flags=SA_RESTART|SA_SIGINFO
SIGPIPE: [libjvm.dylib+0x487bc4], sa_mask[0]=11111111011111110111111111111111, sa_flags=SA_RESTART|SA_SIGINFO
SIGXFSZ: [libjvm.dylib+0x487bc4], sa_mask[0]=11111111011111110111111111111111, sa_flags=SA_RESTART|SA_SIGINFO
SIGILL: [libjvm.dylib+0x487bc4], sa_mask[0]=11111111011111110111111111111111, sa_flags=SA_RESTART|SA_SIGINFO
SIGUSR1: SIG_DFL, sa_mask[0]=00000000000000000000000000000000, sa_flags=none
SIGUSR2: [libjvm.dylib+0x4876e2], sa_mask[0]=00100000000000000000000000000000, sa_flags=SA_RESTART|SA_SIGINFO
SIGHUP: [libjvm.dylib+0x485cb9], sa_mask[0]=11111111011111110111111111111111, sa_flags=SA_RESTART|SA_SIGINFO
SIGINT: [libjvm.dylib+0x485cb9], sa_mask[0]=11111111011111110111111111111111, sa_flags=SA_RESTART|SA_SIGINFO
SIGTERM: [libjvm.dylib+0x485cb9], sa_mask[0]=11111111011111110111111111111111, sa_flags=SA_RESTART|SA_SIGINFO
SIGQUIT: [libjvm.dylib+0x485cb9], sa_mask[0]=11111111011111110111111111111111, sa_flags=SA_RESTART|SA_SIGINFO


---------------  S Y S T E M  ---------------

OS:Bsduname:Darwin 16.4.0 Darwin Kernel Version 16.4.0: Thu Dec 22 22:53:21 PST 2016; root:xnu-3789.41.3~3/RELEASE_X86_64 x86_64
rlimit: STACK 8192k, CORE 0k, NPROC 709, NOFILE 10240, AS infinity
load average:1.72 1.60 1.74

CPU:total 4 (2 cores per cpu, 2 threads per core) family 6 model 61 stepping 4, cmov, cx8, fxsr, mmx, sse, sse2, sse3, ssse3, sse4.1, sse4.2, popcnt, avx, avx2, aes, clmul, erms, 3dnowpref, lzcnt, ht, tsc, tscinvbit, bmi1, bmi2, adx

Memory: 4k page, physical 16777216k(3584904k free)

/proc/meminfo:


vm_info: Java HotSpot(TM) 64-Bit Server VM (25.121-b13) for bsd-amd64 JRE (1.8.0_121-b13), built on Dec 12 2016 20:39:32 by "java_re" with gcc 4.2.1 (Based on Apple Inc. build 5658) (LLVM build 2336.11.00)

time: Sat Feb 18 21:03:54 2017
elapsed time: 24 seconds (0d 0h 0m 24s)

