[17:49:01] [main/INFO]: Logging in with username & password
[17:49:12] [Client thread/INFO]: Setting user: Jazzable
[17:49:17] [Client thread/WARN]: Skipping bad option: lastServer:
[17:49:17] [Client thread/INFO]: LWJGL Version: 2.9.2
[17:49:18] [Client thread/INFO]: [STDOUT]: ---- Minecraft Crash Report ----
// I just don't know what went wrong :(

Time: 05/02/17 17:49
Description: Loading screen debug info

This is just a prompt for computer specs to be printed. THIS IS NOT A ERROR


A detailed walkthrough of the error, its code path and all known details is as follows:
---------------------------------------------------------------------------------------

-- System Details --
Details:
	Minecraft Version: 1.11
	Operating System: Mac OS X (x86_64) version 10.12.3
	Java Version: 1.8.0_121, Oracle Corporation
	Java VM Version: Java HotSpot(TM) 64-Bit Server VM (mixed mode), Oracle Corporation
	Memory: 268985352 bytes (256 MB) / 764411904 bytes (729 MB) up to 3817865216 bytes (3641 MB)
	JVM Flags: 0 total; 
	IntCache: cache: 0, tcache: 0, allocated: 0, tallocated: 0
	FML: 
	Loaded coremods (and transformers): 
	GL info: ' Vendor: 'Intel Inc.' Version: '2.1 INTEL-10.22.29' Renderer: 'Intel(R) Iris(TM) Graphics 6100'
[17:49:21] [Client thread/INFO]: Reloading ResourceManager: Default, FMLFileResourcePack:Forge Mod Loader, FMLFileResourcePack:Minecraft Forge, FMLFileResourcePack:JJ Mod, FMLFileResourcePack:Example Mod
[17:49:27] [Sound Library Loader/INFO]: Starting up SoundSystem...
[17:49:27] [Thread-7/INFO]: Initializing LWJGL OpenAL
[17:49:27] [Thread-7/INFO]: (The LWJGL binding of OpenAL.  For more information, see http://www.lwjgl.org)
[17:49:27] [Thread-7/INFO]: OpenAL initialized.
[17:49:27] [Sound Library Loader/INFO]: Sound engine started
[17:49:36] [Client thread/INFO]: Created: 16x16 textures-atlas
[17:49:44] [Client thread/INFO]: [STDOUT]: DIRT BLOCK >> tile.dirt
[17:49:44] [Client thread/INFO]: Reloading ResourceManager: Default, FMLFileResourcePack:Forge Mod Loader, FMLFileResourcePack:Minecraft Forge, FMLFileResourcePack:JJ Mod, FMLFileResourcePack:Example Mod
[17:49:46] [Client thread/INFO]: SoundSystem shutting down...
[17:49:46] [Client thread/WARN]: Author: Paul Lamb, www.paulscode.com
[17:49:46] [Sound Library Loader/INFO]: Starting up SoundSystem...
[17:49:46] [Thread-9/INFO]: Initializing LWJGL OpenAL
[17:49:46] [Thread-9/INFO]: (The LWJGL binding of OpenAL.  For more information, see http://www.lwjgl.org)
[17:49:46] [Thread-9/INFO]: OpenAL initialized.
[17:49:47] [Sound Library Loader/INFO]: Sound engine started
[17:49:53] [Client thread/INFO]: Created: 1024x512 textures-atlas
[17:49:58] [Client thread/WARN]: Skipping bad option: lastServer:
[17:50:34] [Server thread/INFO]: Starting integrated minecraft server version 1.11
[17:50:34] [Server thread/INFO]: Generating keypair
[17:50:34] [Server thread/INFO]: Preparing start region for level 0
[17:50:37] [Server thread/INFO]: [STDOUT]: deserializing nbt foodinfo
[17:50:37] [Server thread/INFO]: Jazzable[local:E:709a50fa] logged in with entity id 33 at (776.031979535388, 4.0, -420.8291775683109)
[17:50:37] [Server thread/INFO]: Jazzable joined the game
[17:50:39] [Server thread/INFO]: Saving and pausing game...
[17:50:39] [Server thread/INFO]: [STDOUT]: serializing nbt foodinfo
[17:50:39] [Server thread/INFO]: [STDOUT]: serializing nbt foodinfo
[17:50:39] [Server thread/INFO]: Saving chunks for level 'New World'/Overworld
[17:50:39] [Server thread/INFO]: Saving chunks for level 'New World'/Nether
[17:50:39] [Server thread/INFO]: Saving chunks for level 'New World'/The End
[17:50:53] [Server thread/INFO]: [Jazzable: Changing to clear weather]
[17:50:53] [Client thread/INFO]: [CHAT] Changing to clear weather
[17:51:02] [Server thread/INFO]: [Jazzable: Set own game mode to Creative Mode]
[17:51:02] [Client thread/INFO]: [CHAT] Your game mode has been updated to Creative Mode
[17:51:23] [Server thread/INFO]: [STDOUT]: serializing nbt foodinfo
[17:51:23] [Server thread/INFO]: [STDOUT]: serializing nbt foodinfo
[17:51:28] [Chunk Batcher 0/INFO]: [STDOUT]: actual state at MutableBlockPos{x=774, y=4, z=-385}: jjmod:block_door_pole[facing=south,open=true,part=sb]
[17:51:28] [Chunk Batcher 0/INFO]: [STDOUT]: actual state at MutableBlockPos{x=776, y=4, z=-385}: jjmod:block_door_pole[facing=south,open=true,part=rb]
[17:51:28] [Chunk Batcher 0/INFO]: [STDOUT]: actual state at MutableBlockPos{x=777, y=4, z=-385}: jjmod:block_door_pole[facing=south,open=true,part=lb]
[17:51:28] [Chunk Batcher 0/INFO]: [STDOUT]: actual state at MutableBlockPos{x=778, y=4, z=-385}: jjmod:block_door_pole[facing=south,open=true,part=lb]
[17:51:28] [Chunk Batcher 0/INFO]: [STDOUT]: actual state at MutableBlockPos{x=780, y=4, z=-385}: jjmod:block_door_wood[facing=south,open=true,part=rb]
[17:51:28] [Chunk Batcher 0/INFO]: [STDOUT]: actual state at MutableBlockPos{x=781, y=4, z=-385}: jjmod:block_door_wood[facing=south,open=true,part=lb]
[17:51:28] [Chunk Batcher 0/INFO]: [STDOUT]: actual state at MutableBlockPos{x=774, y=5, z=-385}: jjmod:block_door_pole[facing=south,open=true,part=st]
[17:51:28] [Chunk Batcher 0/INFO]: [STDOUT]: actual state at MutableBlockPos{x=776, y=5, z=-385}: jjmod:block_door_pole[facing=south,open=true,part=rt]
[17:51:28] [Chunk Batcher 3/INFO]: [STDOUT]: actual state at MutableBlockPos{x=784, y=4, z=-385}: jjmod:block_door_wood[facing=south,open=true,part=sb]
[17:51:28] [Chunk Batcher 3/INFO]: [STDOUT]: actual state at MutableBlockPos{x=784, y=5, z=-385}: jjmod:block_door_wood[facing=south,open=true,part=st]
[17:51:28] [Chunk Batcher 0/INFO]: [STDOUT]: actual state at MutableBlockPos{x=777, y=5, z=-385}: jjmod:block_door_pole[facing=south,open=true,part=lt]
[17:51:28] [Chunk Batcher 0/INFO]: [STDOUT]: actual state at MutableBlockPos{x=778, y=5, z=-385}: jjmod:block_door_pole[facing=south,open=true,part=lt]
[17:51:28] [Chunk Batcher 0/INFO]: [STDOUT]: actual state at MutableBlockPos{x=780, y=5, z=-385}: jjmod:block_door_wood[facing=south,open=true,part=rt]
[17:51:28] [Chunk Batcher 0/INFO]: [STDOUT]: actual state at MutableBlockPos{x=781, y=5, z=-385}: jjmod:block_door_wood[facing=south,open=true,part=lt]
[17:51:28] [Chunk Batcher 0/INFO]: [STDOUT]: actual state at MutableBlockPos{x=777, y=4, z=-383}: jjmod:block_door_pole[facing=north,open=true,part=sb]
[17:51:28] [Chunk Batcher 0/INFO]: [STDOUT]: actual state at MutableBlockPos{x=777, y=5, z=-383}: jjmod:block_door_pole[facing=north,open=true,part=st]
[17:51:28] [Chunk Batcher 0/INFO]: [STDOUT]: actual state at MutableBlockPos{x=775, y=4, z=-382}: jjmod:block_door_wood[facing=west,open=true,part=sb]
[17:51:28] [Chunk Batcher 0/INFO]: [STDOUT]: actual state at MutableBlockPos{x=775, y=5, z=-382}: jjmod:block_door_wood[facing=west,open=true,part=st]
[17:51:46] [Server thread/FATAL]: Error executing task
java.util.concurrent.ExecutionException: java.lang.ClassCastException: net.minecraft.inventory.ContainerPlayer cannot be cast to com.jj.jjmod.container.ContainerInventory
	at java.util.concurrent.FutureTask.report(FutureTask.java:122) ~[?:1.8.0_121]
	at java.util.concurrent.FutureTask.get(FutureTask.java:192) ~[?:1.8.0_121]
	at net.minecraft.util.Util.runTask(Util.java:27) [Util.class:?]
	at net.minecraft.server.MinecraftServer.updateTimeLightAndEntities(MinecraftServer.java:753) [MinecraftServer.class:?]
	at net.minecraft.server.MinecraftServer.tick(MinecraftServer.java:698) [MinecraftServer.class:?]
	at net.minecraft.server.integrated.IntegratedServer.tick(IntegratedServer.java:156) [IntegratedServer.class:?]
	at net.minecraft.server.MinecraftServer.run(MinecraftServer.java:547) [MinecraftServer.class:?]
	at java.lang.Thread.run(Thread.java:745) [?:1.8.0_121]
Caused by: java.lang.ClassCastException: net.minecraft.inventory.ContainerPlayer cannot be cast to com.jj.jjmod.container.ContainerInventory
	at com.jj.jjmod.items.ItemSpearAbstract.onPlayerStoppedUsing(ItemSpearAbstract.java:59) ~[ItemSpearAbstract.class:?]
	at net.minecraft.item.ItemStack.onPlayerStoppedUsing(ItemStack.java:528) ~[ItemStack.class:?]
	at net.minecraft.entity.EntityLivingBase.stopActiveHand(EntityLivingBase.java:2985) ~[EntityLivingBase.class:?]
	at net.minecraft.network.NetHandlerPlayServer.processPlayerDigging(NetHandlerPlayServer.java:626) ~[NetHandlerPlayServer.class:?]
	at net.minecraft.network.play.client.CPacketPlayerDigging.processPacket(CPacketPlayerDigging.java:56) ~[CPacketPlayerDigging.class:?]
	at net.minecraft.network.play.client.CPacketPlayerDigging.processPacket(CPacketPlayerDigging.java:12) ~[CPacketPlayerDigging.class:?]
	at net.minecraft.network.PacketThreadUtil$1.run(PacketThreadUtil.java:15) ~[PacketThreadUtil$1.class:?]
	at java.util.concurrent.Executors$RunnableAdapter.call(Executors.java:511) ~[?:1.8.0_121]
	at java.util.concurrent.FutureTask.run(FutureTask.java:266) ~[?:1.8.0_121]
	at net.minecraft.util.Util.runTask(Util.java:26) ~[Util.class:?]
	... 5 more
[17:51:59] [Chunk Batcher 2/INFO]: [STDOUT]: actual state at MutableBlockPos{x=784, y=4, z=-385}: jjmod:block_door_wood[facing=south,open=true,part=sb]
[17:51:59] [Chunk Batcher 2/INFO]: [STDOUT]: actual state at MutableBlockPos{x=784, y=5, z=-385}: jjmod:block_door_wood[facing=south,open=true,part=st]
[17:52:01] [Client thread/INFO]: [STDOUT]: actual state at MutableBlockPos{x=774, y=4, z=-385}: jjmod:block_door_pole[facing=south,open=true,part=sb]
[17:52:01] [Client thread/INFO]: [STDOUT]: actual state at MutableBlockPos{x=776, y=4, z=-385}: jjmod:block_door_pole[facing=south,open=true,part=rb]
[17:52:01] [Client thread/INFO]: [STDOUT]: actual state at MutableBlockPos{x=777, y=4, z=-385}: jjmod:block_door_pole[facing=south,open=true,part=lb]
[17:52:01] [Client thread/INFO]: [STDOUT]: actual state at MutableBlockPos{x=778, y=4, z=-385}: jjmod:block_door_pole[facing=south,open=true,part=lb]
[17:52:01] [Client thread/INFO]: [STDOUT]: actual state at MutableBlockPos{x=780, y=4, z=-385}: jjmod:block_door_wood[facing=south,open=true,part=rb]
[17:52:01] [Client thread/INFO]: [STDOUT]: actual state at MutableBlockPos{x=781, y=4, z=-385}: jjmod:block_door_wood[facing=south,open=true,part=lb]
[17:52:01] [Client thread/INFO]: [STDOUT]: actual state at MutableBlockPos{x=774, y=5, z=-385}: jjmod:block_door_pole[facing=south,open=true,part=st]
[17:52:01] [Client thread/INFO]: [STDOUT]: actual state at MutableBlockPos{x=776, y=5, z=-385}: jjmod:block_door_pole[facing=south,open=true,part=rt]
[17:52:01] [Client thread/INFO]: [STDOUT]: actual state at MutableBlockPos{x=777, y=5, z=-385}: jjmod:block_door_pole[facing=south,open=true,part=lt]
[17:52:01] [Client thread/INFO]: [STDOUT]: actual state at MutableBlockPos{x=778, y=5, z=-385}: jjmod:block_door_pole[facing=south,open=true,part=lt]
[17:52:01] [Client thread/INFO]: [STDOUT]: actual state at MutableBlockPos{x=780, y=5, z=-385}: jjmod:block_door_wood[facing=south,open=true,part=rt]
[17:52:01] [Client thread/INFO]: [STDOUT]: actual state at MutableBlockPos{x=781, y=5, z=-385}: jjmod:block_door_wood[facing=south,open=true,part=lt]
[17:52:06] [Server thread/FATAL]: Error executing task
java.util.concurrent.ExecutionException: java.lang.ClassCastException: net.minecraft.inventory.ContainerPlayer cannot be cast to com.jj.jjmod.container.ContainerInventory
	at java.util.concurrent.FutureTask.report(FutureTask.java:122) ~[?:1.8.0_121]
	at java.util.concurrent.FutureTask.get(FutureTask.java:192) ~[?:1.8.0_121]
	at net.minecraft.util.Util.runTask(Util.java:27) [Util.class:?]
	at net.minecraft.server.MinecraftServer.updateTimeLightAndEntities(MinecraftServer.java:753) [MinecraftServer.class:?]
	at net.minecraft.server.MinecraftServer.tick(MinecraftServer.java:698) [MinecraftServer.class:?]
	at net.minecraft.server.integrated.IntegratedServer.tick(IntegratedServer.java:156) [IntegratedServer.class:?]
	at net.minecraft.server.MinecraftServer.run(MinecraftServer.java:547) [MinecraftServer.class:?]
	at java.lang.Thread.run(Thread.java:745) [?:1.8.0_121]
Caused by: java.lang.ClassCastException: net.minecraft.inventory.ContainerPlayer cannot be cast to com.jj.jjmod.container.ContainerInventory
	at com.jj.jjmod.items.ItemSpearAbstract.onPlayerStoppedUsing(ItemSpearAbstract.java:59) ~[ItemSpearAbstract.class:?]
	at net.minecraft.item.ItemStack.onPlayerStoppedUsing(ItemStack.java:528) ~[ItemStack.class:?]
	at net.minecraft.entity.EntityLivingBase.stopActiveHand(EntityLivingBase.java:2985) ~[EntityLivingBase.class:?]
	at net.minecraft.network.NetHandlerPlayServer.processPlayerDigging(NetHandlerPlayServer.java:626) ~[NetHandlerPlayServer.class:?]
	at net.minecraft.network.play.client.CPacketPlayerDigging.processPacket(CPacketPlayerDigging.java:56) ~[CPacketPlayerDigging.class:?]
	at net.minecraft.network.play.client.CPacketPlayerDigging.processPacket(CPacketPlayerDigging.java:12) ~[CPacketPlayerDigging.class:?]
	at net.minecraft.network.PacketThreadUtil$1.run(PacketThreadUtil.java:15) ~[PacketThreadUtil$1.class:?]
	at java.util.concurrent.Executors$RunnableAdapter.call(Executors.java:511) ~[?:1.8.0_121]
	at java.util.concurrent.FutureTask.run(FutureTask.java:266) ~[?:1.8.0_121]
	at net.minecraft.util.Util.runTask(Util.java:26) ~[Util.class:?]
	... 5 more
[17:52:08] [Server thread/INFO]: [STDOUT]: serializing nbt foodinfo
[17:52:08] [Server thread/INFO]: [STDOUT]: serializing nbt foodinfo
[17:52:53] [Server thread/INFO]: [STDOUT]: serializing nbt foodinfo
[17:52:53] [Server thread/INFO]: [STDOUT]: serializing nbt foodinfo
[17:52:56] [Server thread/INFO]: [Jazzable: Set own game mode to Survival Mode]
[17:52:56] [Client thread/INFO]: [CHAT] Your game mode has been updated to Survival Mode
[17:52:59] [Chunk Batcher 3/INFO]: [STDOUT]: actual state at MutableBlockPos{x=774, y=4, z=-385}: jjmod:block_door_pole[facing=south,open=true,part=sb]
[17:52:59] [Chunk Batcher 3/INFO]: [STDOUT]: actual state at MutableBlockPos{x=776, y=4, z=-385}: jjmod:block_door_pole[facing=south,open=true,part=rb]
[17:52:59] [Chunk Batcher 3/INFO]: [STDOUT]: actual state at MutableBlockPos{x=777, y=4, z=-385}: jjmod:block_door_pole[facing=south,open=true,part=lb]
[17:52:59] [Chunk Batcher 3/INFO]: [STDOUT]: actual state at MutableBlockPos{x=778, y=4, z=-385}: jjmod:block_door_pole[facing=south,open=true,part=lb]
[17:52:59] [Chunk Batcher 3/INFO]: [STDOUT]: actual state at MutableBlockPos{x=780, y=4, z=-385}: jjmod:block_door_wood[facing=south,open=true,part=rb]
[17:52:59] [Chunk Batcher 3/INFO]: [STDOUT]: actual state at MutableBlockPos{x=781, y=4, z=-385}: jjmod:block_door_wood[facing=south,open=true,part=lb]
[17:52:59] [Chunk Batcher 3/INFO]: [STDOUT]: actual state at MutableBlockPos{x=774, y=5, z=-385}: jjmod:block_door_pole[facing=south,open=true,part=st]
[17:52:59] [Chunk Batcher 3/INFO]: [STDOUT]: actual state at MutableBlockPos{x=776, y=5, z=-385}: jjmod:block_door_pole[facing=south,open=true,part=rt]
[17:52:59] [Chunk Batcher 3/INFO]: [STDOUT]: actual state at MutableBlockPos{x=777, y=5, z=-385}: jjmod:block_door_pole[facing=south,open=true,part=lt]
[17:52:59] [Chunk Batcher 3/INFO]: [STDOUT]: actual state at MutableBlockPos{x=778, y=5, z=-385}: jjmod:block_door_pole[facing=south,open=true,part=lt]
[17:52:59] [Chunk Batcher 3/INFO]: [STDOUT]: actual state at MutableBlockPos{x=780, y=5, z=-385}: jjmod:block_door_wood[facing=south,open=true,part=rt]
[17:52:59] [Chunk Batcher 3/INFO]: [STDOUT]: actual state at MutableBlockPos{x=781, y=5, z=-385}: jjmod:block_door_wood[facing=south,open=true,part=lt]
[17:53:19] [Server thread/INFO]: [STDOUT]: dropping [1xtile.dirt@0] from minecraft:grass[snowy=false] block Block{minecraft:grass} does equal Block{minecraft:tallgrass}? + false
[17:53:19] [Server thread/INFO]: [STDOUT]: is dirt, clearing drops [1xtile.dirt@0]
[17:53:19] [Server thread/INFO]: [STDOUT]: drops now []
[17:53:19] [Server thread/INFO]: [STDOUT]: added dirt, drops now [4xitem.jjmod:item_dirt@0]
[17:53:20] [Server thread/INFO]: [STDOUT]: dropping [1xtile.dirt@0] from minecraft:grass[snowy=false] block Block{minecraft:grass} does equal Block{minecraft:tallgrass}? + false
[17:53:20] [Server thread/INFO]: [STDOUT]: is dirt, clearing drops [1xtile.dirt@0]
[17:53:20] [Server thread/INFO]: [STDOUT]: drops now []
[17:53:20] [Server thread/INFO]: [STDOUT]: added dirt, drops now [4xitem.jjmod:item_dirt@0]
[17:53:38] [Server thread/INFO]: [STDOUT]: serializing nbt foodinfo
[17:53:38] [Server thread/INFO]: [STDOUT]: serializing nbt foodinfo
[17:53:38] [Server thread/INFO]: [Jazzable: Given [Glass] * 64 to Jazzable]
[17:53:38] [Client thread/INFO]: [CHAT] Given [Glass] * 64 to Jazzable
[17:54:23] [Server thread/INFO]: [STDOUT]: serializing nbt foodinfo
[17:54:23] [Server thread/INFO]: [STDOUT]: serializing nbt foodinfo
[17:54:30] [Server thread/INFO]: [STDOUT]: dropping [1xtile.dirt@0] from minecraft:grass[snowy=false] block Block{minecraft:grass} does equal Block{minecraft:tallgrass}? + false
[17:54:30] [Server thread/INFO]: [STDOUT]: is dirt, clearing drops [1xtile.dirt@0]
[17:54:30] [Server thread/INFO]: [STDOUT]: drops now []
[17:54:30] [Server thread/INFO]: [STDOUT]: added dirt, drops now [4xitem.jjmod:item_dirt@0]
[17:54:39] [Chunk Batcher 3/INFO]: [STDOUT]: actual state at MutableBlockPos{x=774, y=4, z=-385}: jjmod:block_door_pole[facing=south,open=true,part=sb]
[17:54:39] [Chunk Batcher 3/INFO]: [STDOUT]: actual state at MutableBlockPos{x=776, y=4, z=-385}: jjmod:block_door_pole[facing=south,open=true,part=rb]
[17:54:39] [Chunk Batcher 3/INFO]: [STDOUT]: actual state at MutableBlockPos{x=777, y=4, z=-385}: jjmod:block_door_pole[facing=south,open=true,part=lb]
[17:54:39] [Chunk Batcher 3/INFO]: [STDOUT]: actual state at MutableBlockPos{x=778, y=4, z=-385}: jjmod:block_door_pole[facing=south,open=true,part=lb]
[17:54:39] [Chunk Batcher 3/INFO]: [STDOUT]: actual state at MutableBlockPos{x=780, y=4, z=-385}: jjmod:block_door_wood[facing=south,open=true,part=rb]
[17:54:39] [Chunk Batcher 3/INFO]: [STDOUT]: actual state at MutableBlockPos{x=781, y=4, z=-385}: jjmod:block_door_wood[facing=south,open=true,part=lb]
[17:54:39] [Chunk Batcher 3/INFO]: [STDOUT]: actual state at MutableBlockPos{x=774, y=5, z=-385}: jjmod:block_door_pole[facing=south,open=true,part=st]
[17:54:39] [Chunk Batcher 3/INFO]: [STDOUT]: actual state at MutableBlockPos{x=776, y=5, z=-385}: jjmod:block_door_pole[facing=south,open=true,part=rt]
[17:54:39] [Chunk Batcher 3/INFO]: [STDOUT]: actual state at MutableBlockPos{x=777, y=5, z=-385}: jjmod:block_door_pole[facing=south,open=true,part=lt]
[17:54:39] [Chunk Batcher 3/INFO]: [STDOUT]: actual state at MutableBlockPos{x=778, y=5, z=-385}: jjmod:block_door_pole[facing=south,open=true,part=lt]
[17:54:39] [Chunk Batcher 3/INFO]: [STDOUT]: actual state at MutableBlockPos{x=780, y=5, z=-385}: jjmod:block_door_wood[facing=south,open=true,part=rt]
[17:54:39] [Chunk Batcher 3/INFO]: [STDOUT]: actual state at MutableBlockPos{x=781, y=5, z=-385}: jjmod:block_door_wood[facing=south,open=true,part=lt]
[17:54:42] [Server thread/INFO]: [Jazzable: Set the time to 1000]
[17:54:42] [Client thread/INFO]: [CHAT] Set the time to 1000
[17:54:57] [Chunk Batcher 0/INFO]: [STDOUT]: actual state at MutableBlockPos{x=774, y=4, z=-385}: jjmod:block_door_pole[facing=south,open=true,part=sb]
[17:54:57] [Chunk Batcher 0/INFO]: [STDOUT]: actual state at MutableBlockPos{x=776, y=4, z=-385}: jjmod:block_door_pole[facing=south,open=true,part=rb]
[17:54:57] [Chunk Batcher 0/INFO]: [STDOUT]: actual state at MutableBlockPos{x=777, y=4, z=-385}: jjmod:block_door_pole[facing=south,open=true,part=lb]
[17:54:57] [Chunk Batcher 0/INFO]: [STDOUT]: actual state at MutableBlockPos{x=778, y=4, z=-385}: jjmod:block_door_pole[facing=south,open=true,part=lb]
[17:54:57] [Chunk Batcher 0/INFO]: [STDOUT]: actual state at MutableBlockPos{x=780, y=4, z=-385}: jjmod:block_door_wood[facing=south,open=true,part=rb]
[17:54:57] [Chunk Batcher 0/INFO]: [STDOUT]: actual state at MutableBlockPos{x=781, y=4, z=-385}: jjmod:block_door_wood[facing=south,open=true,part=lb]
[17:54:57] [Chunk Batcher 0/INFO]: [STDOUT]: actual state at MutableBlockPos{x=774, y=5, z=-385}: jjmod:block_door_pole[facing=south,open=true,part=st]
[17:54:57] [Chunk Batcher 0/INFO]: [STDOUT]: actual state at MutableBlockPos{x=776, y=5, z=-385}: jjmod:block_door_pole[facing=south,open=true,part=rt]
[17:54:57] [Chunk Batcher 0/INFO]: [STDOUT]: actual state at MutableBlockPos{x=777, y=5, z=-385}: jjmod:block_door_pole[facing=south,open=true,part=lt]
[17:54:57] [Chunk Batcher 0/INFO]: [STDOUT]: actual state at MutableBlockPos{x=778, y=5, z=-385}: jjmod:block_door_pole[facing=south,open=true,part=lt]
[17:54:57] [Chunk Batcher 0/INFO]: [STDOUT]: actual state at MutableBlockPos{x=780, y=5, z=-385}: jjmod:block_door_wood[facing=south,open=true,part=rt]
[17:54:57] [Chunk Batcher 0/INFO]: [STDOUT]: actual state at MutableBlockPos{x=781, y=5, z=-385}: jjmod:block_door_wood[facing=south,open=true,part=lt]
[17:55:08] [Server thread/INFO]: [STDOUT]: serializing nbt foodinfo
[17:55:08] [Server thread/INFO]: [STDOUT]: serializing nbt foodinfo
[17:55:23] [Server thread/INFO]: Saving and pausing game...
[17:55:23] [Server thread/INFO]: [STDOUT]: serializing nbt foodinfo
[17:55:23] [Server thread/INFO]: [STDOUT]: serializing nbt foodinfo
[17:55:23] [Server thread/INFO]: Saving chunks for level 'New World'/Overworld
[17:55:23] [Server thread/INFO]: Saving chunks for level 'New World'/Nether
[17:55:23] [Server thread/INFO]: Saving chunks for level 'New World'/The End
[18:01:25] [Server thread/INFO]: Saving and pausing game...
[18:01:25] [Server thread/INFO]: [STDOUT]: serializing nbt foodinfo
[18:01:25] [Server thread/INFO]: [STDOUT]: serializing nbt foodinfo
[18:01:25] [Server thread/INFO]: Saving chunks for level 'New World'/Overworld
[18:01:25] [Server thread/INFO]: Saving chunks for level 'New World'/Nether
[18:01:25] [Server thread/INFO]: Saving chunks for level 'New World'/The End
[18:01:33] [Server thread/INFO]: Stopping server
[18:01:33] [Server thread/INFO]: Saving players
[18:01:33] [Server thread/INFO]: [STDOUT]: serializing nbt foodinfo
[18:01:33] [Server thread/INFO]: [STDOUT]: serializing nbt foodinfo
[18:01:33] [Server thread/INFO]: Jazzable lost connection: TextComponent{text='Disconnected', siblings=[], style=Style{hasParent=false, color=null, bold=null, italic=null, underlined=null, obfuscated=null, clickEvent=null, hoverEvent=null, insertion=null}}
[18:01:33] [Server thread/INFO]: Jazzable left the game
[18:01:33] [Server thread/INFO]: [STDOUT]: serializing nbt foodinfo
[18:01:33] [Server thread/INFO]: [STDOUT]: serializing nbt foodinfo
[18:01:33] [Server thread/INFO]: Stopping singleplayer server as player logged out
[18:01:33] [Server thread/INFO]: Saving worlds
[18:01:33] [Server thread/INFO]: Saving chunks for level 'New World'/Overworld
[18:01:33] [Server thread/INFO]: Saving chunks for level 'New World'/Nether
[18:01:33] [Server thread/INFO]: Saving chunks for level 'New World'/The End
[18:05:09] [Client thread/INFO]: Stopping!
[18:05:09] [Client thread/INFO]: SoundSystem shutting down...
[18:05:09] [Client thread/WARN]: Author: Paul Lamb, www.paulscode.com
